 
 GRASP-SE version 10.3.0 (Windows ia32/x86 32-bit)
 
 (Student edition limited to 1 CPU core)
 
 Program started at 23:13:10 on 13 April 2024
GRASP-SE>COMMAND OBJECT single_po get_currents ( source : sequence(ref(single_feed)))   single_po_cmd 
 ----- TASK No. 1 -----     Started at 23:13:10 on April 13, 2024                
  PO1 =   53  PO2 =   53  Face =    1, Final PO-values from auto-convergence
  PTD =   47              Edge =    1, Final PTD-value from auto-convergence.
  PTD =   47              Edge =    2, Final PTD-value from auto-convergence.
  PTD =   47              Edge =    3, Final PTD-value from auto-convergence.
  PTD =   47              Edge =    4, Final PTD-value from auto-convergence.
  Spill-over:     4.8742 dB
 Total task time:  0.60 sec               
GRASP-SE>COMMAND OBJECT single_cut get_field ( source : sequence(ref(single_po),   ref(single_feed))) single_get_field_cmd 
 ----- TASK No. 2 -----     Started at 23:13:10 on April 13, 2024                
 Total task time:  0.09 sec               
GRASP-SE>COMMAND OBJECT spherical_grid get_field ( source : sequence(ref(single_po),   ref(single_feed))) cmd_1 
 ----- TASK No. 3 -----     Started at 23:13:10 on April 13, 2024                
 Total task time:  3.80 sec               
GRASP-SE>QUIT 
 ----- END OF TASKS -----     Completed at 23:13:14 on April 13, 2024            
 Total time was 4.54 sec
 Program stopped at 23:13:14 on 13 April 2024
