 
 
                                    G R A S P 9 - S E
                                    =================
 
  Student edition of General multi-reflector analysis program
 
 GRASP-SE version 10.3.0 (Windows ia32/x86 32-bit)
 
 
 GRASP-SE found  32 CPU cores
 (Student edition limited to 1 CPU core)
 
  Reading tor-file: Job_20.tor
 
 
  *** Object name:  single_global_coor
  *** Class name :  coor_sys
  *** Message    :  Object created
 
 
 
  *** Object name:  single_global_coor
  *** Class name :  coor_sys
  *** Message    :  New values in object
 
  Z_axis :     0.000000    0.000000    1.000000
 
 
  *** Object name:  single_frequencies
  *** Class name :  frequency
  *** Message    :  Object created
 
 
 
  *** Object name:  single_frequencies
  *** Class name :  frequency
  *** Message    :  New values in object
 
  Frequency No.    1  :   0.120000E+02 GHz
 
 
  *** Object name:  single_surface
  *** Class name :  paraboloid
  *** Message    :  Object created
 
 
 
  *** Object name:  single_surface
  *** Class name :  paraboloid
  *** Message    :  New values in object
 
 
 
  *** Object name:  single_rim
  *** Class name :  rectangular_rim
  *** Message    :  Object created
 
 
 
  *** Object name:  single_rim
  *** Class name :  rectangular_rim
  *** Message    :  Definition of rectangular_rim
 
 
 
  *** Object name:  single_reflector
  *** Class name :  reflector
  *** Message    :  Object created
 
 
 
  *** Object name:  single_reflector
  *** Class name :  reflector
  *** Message    :  New values in object
 
  Coordinate system: single_global_coor
  Surface: single_surface
  Rim: single_rim
 
 
  *** Object name:  single_feed_coor
  *** Class name :  coor_sys
  *** Message    :  Object created
 
 
 
  *** Object name:  single_feed_coor
  *** Class name :  coor_sys
  *** Message    :  New values in object
 
  Base name : single_global_coor
  Y_axis :     0.000000   -1.000000    0.000000
  Z_axis :     0.000000    0.000000   -1.000000
 
 
  *** Object name:  single_feed
  *** Class name :  gaussian_beam_pattern
  *** Message    :  Object created
 
 
 
  *** Object name:  single_feed
  *** Class name :  gaussian_beam_pattern
  *** Message    :  Object created
 
 
 
  *** Object name:  single_feed
  *** Class name :  gaussian_beam_pattern
  *** Message    :  New values in object
 
  Frequency : single_frequencies
  Coor_sys : single_feed_coor
 
 
  *** Object name:  single_feed
  *** Class name :  gaussian_beam_pattern
  *** Message    :  Definition of common feed attributes
 
 
 
  *** Object name:  single_feed
  *** Class name :  gaussian_beam_pattern
  *** Message    :  Definition of gaussian feed
 
 
  Taper angle :   90.0000 degrees
 
  Taper compared to on-axis level :  -12.0000 dB
 
  The imaginary displacement along the negative z-axis
    is  0.109563 wavelengths
 
 
  *** Object name:  single_cut_coor
  *** Class name :  coor_sys
  *** Message    :  Object created
 
 
 
  *** Object name:  single_cut_coor
  *** Class name :  coor_sys
  *** Message    :  New values in object
 
  Base name : single_global_coor
  Z_axis :     0.000000    0.000000    1.000000
 
 
  *** Object name:  single_cut
  *** Class name :  spherical_cut
  *** Message    :  Object created
 
 
 
  *** Object name:  single_cut
  *** Class name :  spherical_cut
  *** Message    :  New values in object
 
  File name :
  Coor_sys : single_cut_coor
  Theta range : start -15.00000    end  15.00000    points   301
  Phi range : start   0.00000    end  90.00000    points     3
 
 
  *** Object name:  single_po
  *** Class name :  po_single_face_scatterer
  *** Message    :  Object created
 
 
 
  *** Object name:  single_po
  *** Class name :  po_single_face_scatterer
  *** Message    :  New values in object
 
  Frequency : single_frequencies
  Scatterer : single_reflector
 
 
  *** Object name:  spherical_grid
  *** Class name :  spherical_grid
  *** Message    :  Object created
 
 
 
  *** Object name:  spherical_grid
  *** Class name :  spherical_grid
  *** Message    :  New values in object
 
  File name :
  Coor_sys : single_cut_coor
  X range : start  -0.20000    end   0.20000    points   201
  Y range : start  -0.20000    end   0.20000    points   201
 
 
  *** Object name:  focalLength
  *** Class name :  real_variable
  *** Message    :  Object created
 
 
 
  *** Object name:  focalLength
  *** Class name :  real_variable
  *** Message    :  New values in object
 
 
 
  *** Object name:  single_feed_coor
  *** Class name :  coor_sys
  *** Message    :  New values in object
 
  Origin :   0.000000E+00 m     0.000000E+00 m     0.700000E+00 m
  Z_axis :     0.000000    0.000000   -1.000000
 
 
  *** Object name:  single_surface
  *** Class name :  paraboloid
  *** Message    :  New values in object
 
 
  Focal length     :   0.700000 m
   and in SI units :   0.700000 meter
 
 
  *** Object name:  xRimLength
  *** Class name :  real_variable
  *** Message    :  Object created
 
 
 
  *** Object name:  xRimLength
  *** Class name :  real_variable
  *** Message    :  New values in object
 
 
 
  *** Object name:  single_rim
  *** Class name :  rectangular_rim
  *** Message    :  Definition of rectangular_rim
 
 
 
  *** Object name:  yRimLength
  *** Class name :  real_variable
  *** Message    :  Object created
 
 
 
  *** Object name:  yRimLength
  *** Class name :  real_variable
  *** Message    :  New values in object
 
 
 
  *** Object name:  single_rim
  *** Class name :  rectangular_rim
  *** Message    :  Definition of rectangular_rim
 
 
  The side lengths of the rectangle are defined by
    in x-direction :    1.60000 m
    in y-direction :   0.800000 m
  and in SI units
    in x-direction :    1.60000     meter
    in y-direction :   0.800000     meter
 
  The rim limits in radii are
    minimum :   0.400000     meter
    maximum :   0.894427     meter
 
  The rim limits in x direction are
    minimum :  -0.800000     meter
    maximum :   0.800000     meter
 
  The rim limits in y direction are
    minimum :  -0.400000     meter
    maximum :   0.400000     meter
 
 
  *** Object name:  view_1
  *** Class name :  view
  *** Message    :  Object created
 
 
 
  *** Object name:  view_1
  *** Class name :  view
  *** Message    :  New values in object
 
 
  Number of objects :      4
 
  Definition of objects   :
   No.  Name
     1  view_1_coor_sys_plot
     2  view_1_reflector_plot
     3  view_1_feed_plot
     4  view_1_output_points_plot
 
 
 
  *** Object name:  view_1_coor_sys_plot
  *** Class name :  coor_sys_plot
  *** Message    :  Object created
 
 
 
  *** Object name:  view_1_coor_sys_plot
  *** Class name :  coor_sys_plot
  *** Message    :  Definition of coor_sys_plot
 
 
 
  *** Object name:  view_1_reflector_plot
  *** Class name :  reflector_plot
  *** Message    :  Object created
 
 
 
  *** Object name:  view_1_reflector_plot
  *** Class name :  reflector_plot
  *** Message    :  Definition of reflector_plot
 
 
 
  *** Object name:  view_1_feed_plot
  *** Class name :  feed_plot
  *** Message    :  Object created
 
 
 
  *** Object name:  view_1_feed_plot
  *** Class name :  feed_plot
  *** Message    :  Definition of feed_plot
 
 
 
  *** Object name:  view_1_output_points_plot
  *** Class name :  output_points_plot
  *** Message    :  Object created
 
 
 
  *** Object name:  view_1_output_points_plot
  *** Class name :  output_points_plot
  *** Message    :  Definition of output_points_plot
 
 Program started at 23:19:36 on 13 April 2024
 
 
 ----- TASK No. 1 -----     Started at 23:19:36 on April 13, 2024
 single_po get_currents ( source : sequence(ref(single_feed)))
 
 
  *** Object name:  single_po
  *** Class name :  po_single_face_scatterer
  *** Message    :  Get_currents message received
 
  Source : single_feed
 
 
  *** Object name:  single_po
  *** Class name :  po_single_face_scatterer
  *** Message    :  Initialization
 
 
  Auto-convergence with desired accuracy of -80.00 dB.
 
  Face 1:
  Max. values: po1/po2 = 2240/1120
 
 PO convergence
  Test-grid  Ref-grid    Freq  Beam  Grid       P_max   P_level  Accuracy
    po1/po2   po1/po2                           [dBi]     [dBi]      [dB]
      20/10     10/10       1     1     1       41.34     41.34      0.47
      20/10     10/10       1     1     2       41.34     41.34     -3.20
      40/10     20/10       1     1     1       41.34     41.34     -7.15
      40/10     20/10       1     1     2       41.34     41.34     -7.18
      80/10     40/10       1     1     1       41.34     41.34   -165.48  *
      80/10     40/10       1     1     2       41.34     41.34   -281.81  *
      30/10     80/10       1     1     1       41.34     41.34    -36.06
      30/10     80/10       1     1     2       41.34     41.34   -115.09  *
      35/10     80/10       1     1     1       41.34     41.34    -92.73  *
      33/10     80/10       1     1     1       41.34     41.34    -67.79
      33/10     80/10       1     1     2       41.34     41.34   -162.92  *
      34/10     80/10       1     1     1       41.34     41.34    -79.92
 
 PO convergence
  Test-grid  Ref-grid    Freq  Beam  Grid       P_max   P_level  Accuracy
    po1/po2   po1/po2                           [dBi]     [dBi]      [dB]
      10/20     10/10       1     1     1       41.34     41.34     -3.71
      10/20     10/10       1     1     2       41.34     41.34     -8.11
      10/40     10/20       1     1     1       41.34     41.34    -96.83  *
      10/40     10/20       1     1     2       41.34     41.34   -166.55  *
      10/15     10/40       1     1     1       41.34     41.34    -26.37
      10/15     10/40       1     1     2       41.34     41.34    -69.09
      10/18     10/40       1     1     1       41.34     41.34    -64.75
      10/18     10/40       1     1     2       41.34     41.34   -124.35  *
      10/19     10/40       1     1     1       41.34     41.34    -80.22  *
  PO1 =   35  PO2 =   19  Face =    1, Final PO-values from auto-convergence
 
  Edge 1:
  Max. value: ptd = 1120
 
 PO convergence
  Test-grid  Ref-grid    Freq  Beam  Grid       P_max   P_level  Accuracy
        ptd       ptd                           [dBi]     [dBi]      [dB]
         20        10       1     1     1      -24.69     41.34    -70.89
         20        10       1     1     2      -25.04     41.34    -73.77
         40        20       1     1     1      -24.69     41.34   -161.37  *
         40        20       1     1     2      -25.04     41.34   -228.76  *
         15        40       1     1     1      -24.69     41.34    -92.24  *
         15        40       1     1     2      -25.04     41.34   -132.78  *
         13        40       1     1     1      -24.69     41.34    -76.11
         13        40       1     1     2      -25.04     41.34   -103.42  *
         14        40       1     1     1      -24.69     41.34    -83.08  *
  PTD =   15              Edge =    1, Final PTD-value from auto-convergence.
 
  Edge 2:
  Max. value: ptd = 2240
 
 PO convergence
  Test-grid  Ref-grid    Freq  Beam  Grid       P_max   P_level  Accuracy
        ptd       ptd                           [dBi]     [dBi]      [dB]
         20        10       1     1     1      -13.97     41.34    -54.79
         20        10       1     1     2      -13.98     41.34    -57.13
         40        20       1     1     1      -13.97     41.34    -59.87
         40        20       1     1     2      -13.98     41.34    -62.52
         80        40       1     1     1      -13.97     41.34   -224.79  *
         80        40       1     1     2      -13.98     41.34   -335.16  *
         30        80       1     1     1      -13.97     41.34    -92.72  *
         30        80       1     1     2      -13.98     41.34   -170.96  *
         25        80       1     1     1      -13.97     41.34    -60.82
         25        80       1     1     2      -13.98     41.34   -103.85  *
         28        80       1     1     1      -13.97     41.34    -75.88
         29        80       1     1     1      -13.97     41.34    -83.76  *
  PTD =   29              Edge =    2, Final PTD-value from auto-convergence.
 
  Edge 3:
  Max. value: ptd = 1120
 
 PO convergence
  Test-grid  Ref-grid    Freq  Beam  Grid       P_max   P_level  Accuracy
        ptd       ptd                           [dBi]     [dBi]      [dB]
         20        10       1     1     1      -24.69     41.34    -70.89
         20        10       1     1     2      -25.04     41.34    -73.77
         40        20       1     1     1      -24.69     41.34   -161.37  *
         40        20       1     1     2      -25.04     41.34   -228.76  *
         15        40       1     1     1      -24.69     41.34    -92.24  *
         15        40       1     1     2      -25.04     41.34   -132.78  *
         13        40       1     1     1      -24.69     41.34    -76.11
         13        40       1     1     2      -25.04     41.34   -103.42  *
         14        40       1     1     1      -24.69     41.34    -83.08  *
  PTD =   15              Edge =    3, Final PTD-value from auto-convergence.
 
  Edge 4:
  Max. value: ptd = 2240
 
 PO convergence
  Test-grid  Ref-grid    Freq  Beam  Grid       P_max   P_level  Accuracy
        ptd       ptd                           [dBi]     [dBi]      [dB]
         20        10       1     1     1      -13.97     41.34    -54.79
         20        10       1     1     2      -13.98     41.34    -57.13
         40        20       1     1     1      -13.97     41.34    -59.87
         40        20       1     1     2      -13.98     41.34    -62.52
         80        40       1     1     1      -13.97     41.34   -224.79  *
         80        40       1     1     2      -13.98     41.34   -336.46  *
         30        80       1     1     1      -13.97     41.34    -92.72  *
         30        80       1     1     2      -13.98     41.34   -170.96  *
         25        80       1     1     1      -13.97     41.34    -60.82
         25        80       1     1     2      -13.98     41.34   -103.85  *
         28        80       1     1     1      -13.97     41.34    -75.88
         29        80       1     1     1      -13.97     41.34    -83.76  *
  PTD =   29              Edge =    4, Final PTD-value from auto-convergence.
 
  Relative power hitting scatterer:    0.563310
  Spill-over:     2.4925 dB
 
 ----- TASK No. 2 -----     Started at 23:19:37 on April 13, 2024
 single_cut get_field ( source : sequence(ref(single_po), ref(single_feed)))
 
 
  *** Object name:  single_cut
  *** Class name :  spherical_cut
  *** Message    :  Get_field message received
 
  Source : single_po
  Source : single_feed
 
  Name of currents file: tmp_0000
 
  Control values found in the file:
    No. of frequencies: 1
    No. of beams      : 1
    No. of faces      : 1
    No. of edges      : 4
    No. of gaps       : 0
 
  Frequency number  1 :  12.000 GHz
 
    Face No.      PO1       PO2     Partitions
          1        35        19         1
 
    Edge No.     PTD1
          1        15
          2        29
          3        15
          4        29
 
 
 
  *** Object name:  single_cut
  *** Class name :  spherical_cut
  *** Message    :  Field calculated
 
  Frequency No. :     1
  Beam No. :     1
 
 
  *** Object name:  single_cut
  *** Class name :  spherical_cut
  *** Message    :  Field calculated
 
  Frequency No. :     1
  Beam No. :     1
 
 ----- TASK No. 3 -----     Started at 23:19:37 on April 13, 2024
 spherical_grid get_field ( source : sequence(ref(single_po), ref(single_feed)))
 
 
  *** Object name:  spherical_grid
  *** Class name :  spherical_grid
  *** Message    :  Get_field message received
 
  Source : single_po
  Source : single_feed
 
 
  *** Object name:  spherical_grid
  *** Class name :  spherical_grid
  *** Message    :  Field calculated
 
  Frequency No. :     1
  Beam No. :     1
 
 
  *** Object name:  spherical_grid
  *** Class name :  spherical_grid
  *** Message    :  Field calculated
 
  Frequency No. :     1
  Beam No. :     1
 
 ----- END OF TASKS -----     Completed at 23:19:38 on April 13, 2024
 Total time was 2.13 sec
 Program stopped at 23:19:38 on 13 April 2024
 
