 
 
                                    G R A S P 9 - S E
                                    =================
 
  Student edition of General multi-reflector analysis program
 
 GRASP-SE version 10.3.0 (Windows ia32/x86 32-bit)
 
 
 GRASP-SE found  32 CPU cores
 (Student edition limited to 1 CPU core)
 
  Reading tor-file: Job_03.tor
 
 
  *** Object name:  single_global_coor
  *** Class name :  coor_sys
  *** Message    :  Object created
 
 
 
  *** Object name:  single_global_coor
  *** Class name :  coor_sys
  *** Message    :  New values in object
 
  Z_axis :     0.000000    0.000000    1.000000
 
 
  *** Object name:  single_frequencies
  *** Class name :  frequency
  *** Message    :  Object created
 
 
 
  *** Object name:  single_frequencies
  *** Class name :  frequency
  *** Message    :  New values in object
 
  Frequency No.    1  :   0.120000E+02 GHz
 
 
  *** Object name:  single_surface
  *** Class name :  paraboloid
  *** Message    :  Object created
 
 
 
  *** Object name:  single_surface
  *** Class name :  paraboloid
  *** Message    :  New values in object
 
 
  Focal length     :   0.250000 m
   and in SI units :   0.250000 meter
 
 
  *** Object name:  single_rim
  *** Class name :  elliptical_rim
  *** Message    :  Object created
 
 
 
  *** Object name:  single_rim
  *** Class name :  elliptical_rim
  *** Message    :  Definition of elliptical_rim
 
 
  The half axes of the ellipse are defined by
    in x-direction :   0.500000 m
    in y-direction :   0.500000 m
  and in SI units
    in x-direction :   0.500000     meter
    in y-direction :   0.500000     meter
 
  The rim limits in radii are
    minimum :   0.500000     meter
    maximum :   0.500000     meter
 
  The rim limits in x direction are
    minimum :  -0.500000     meter
    maximum :   0.500000     meter
 
  The rim limits in y direction are
    minimum :  -0.500000     meter
    maximum :   0.500000     meter
 
 
  *** Object name:  single_reflector
  *** Class name :  reflector
  *** Message    :  Object created
 
 
 
  *** Object name:  single_reflector
  *** Class name :  reflector
  *** Message    :  New values in object
 
  Coordinate system: single_global_coor
  Surface: single_surface
  Rim: single_rim
 
 
  *** Object name:  single_feed_coor
  *** Class name :  coor_sys
  *** Message    :  Object created
 
 
 
  *** Object name:  single_feed_coor
  *** Class name :  coor_sys
  *** Message    :  New values in object
 
  Origin :   0.000000E+00 m     0.000000E+00 m     0.250000E+00 m
  Base name : single_global_coor
  Y_axis :     0.000000   -1.000000    0.000000
  Z_axis :     0.000000    0.000000   -1.000000
 
 
  *** Object name:  single_feed
  *** Class name :  gaussian_beam_pattern
  *** Message    :  Object created
 
 
 
  *** Object name:  single_feed
  *** Class name :  gaussian_beam_pattern
  *** Message    :  Object created
 
 
 
  *** Object name:  single_feed
  *** Class name :  gaussian_beam_pattern
  *** Message    :  New values in object
 
  Frequency : single_frequencies
  Coor_sys : single_feed_coor
 
 
  *** Object name:  single_feed
  *** Class name :  gaussian_beam_pattern
  *** Message    :  Definition of common feed attributes
 
 
 
  *** Object name:  single_feed
  *** Class name :  gaussian_beam_pattern
  *** Message    :  Definition of gaussian feed
 
 
  Taper angle :   90.0000 degrees
 
  Taper compared to on-axis level :  -12.0000 dB
 
  The imaginary displacement along the negative z-axis
    is  0.109563 wavelengths
 
 
  *** Object name:  single_cut_coor
  *** Class name :  coor_sys
  *** Message    :  Object created
 
 
 
  *** Object name:  single_cut_coor
  *** Class name :  coor_sys
  *** Message    :  New values in object
 
  Base name : single_global_coor
  Z_axis :     0.000000    0.000000    1.000000
 
 
  *** Object name:  single_cut
  *** Class name :  spherical_cut
  *** Message    :  Object created
 
 
 
  *** Object name:  single_cut
  *** Class name :  spherical_cut
  *** Message    :  New values in object
 
  File name :
  Coor_sys : single_cut_coor
  Theta range : start  -7.15702    end   7.15702    points   161
  Phi range : start   0.00000    end  90.00000    points     3
 
 
  *** Object name:  single_po
  *** Class name :  po_single_face_scatterer
  *** Message    :  Object created
 
 
 
  *** Object name:  single_po
  *** Class name :  po_single_face_scatterer
  *** Message    :  New values in object
 
  Frequency : single_frequencies
  Scatterer : single_reflector
 
 
  *** Object name:  spherical_grid
  *** Class name :  spherical_grid
  *** Message    :  Object created
 
 
 
  *** Object name:  spherical_grid
  *** Class name :  spherical_grid
  *** Message    :  New values in object
 
  File name :
  Coor_sys : single_cut_coor
  X range : start  -0.90000    end   0.90000    points   501
  Y range : start  -0.90000    end   0.90000    points   501
 
 
  *** Object name:  view_1
  *** Class name :  view
  *** Message    :  Object created
 
 
 
  *** Object name:  view_1
  *** Class name :  view
  *** Message    :  New values in object
 
 
  Number of objects :      4
 
  Definition of objects   :
   No.  Name
     1  view_1_coor_sys_plot
     2  view_1_reflector_plot
     3  view_1_feed_plot
     4  view_1_output_points_plot
 
 
 
  *** Object name:  view_1_coor_sys_plot
  *** Class name :  coor_sys_plot
  *** Message    :  Object created
 
 
 
  *** Object name:  view_1_coor_sys_plot
  *** Class name :  coor_sys_plot
  *** Message    :  Definition of coor_sys_plot
 
 
 
  *** Object name:  view_1_reflector_plot
  *** Class name :  reflector_plot
  *** Message    :  Object created
 
 
 
  *** Object name:  view_1_reflector_plot
  *** Class name :  reflector_plot
  *** Message    :  Definition of reflector_plot
 
 
 
  *** Object name:  view_1_feed_plot
  *** Class name :  feed_plot
  *** Message    :  Object created
 
 
 
  *** Object name:  view_1_feed_plot
  *** Class name :  feed_plot
  *** Message    :  Definition of feed_plot
 
 
 
  *** Object name:  view_1_output_points_plot
  *** Class name :  output_points_plot
  *** Message    :  Object created
 
 
 
  *** Object name:  view_1_output_points_plot
  *** Class name :  output_points_plot
  *** Message    :  Definition of output_points_plot
 
 Program started at 22:56:36 on 13 April 2024
 
 
 ----- TASK No. 1 -----     Started at 22:56:36 on April 13, 2024
 single_po get_currents ( source : sequence(ref(single_feed)))
 
 
  *** Object name:  single_po
  *** Class name :  po_single_face_scatterer
  *** Message    :  Get_currents message received
 
  Source : single_feed
 
 
  *** Object name:  single_po
  *** Class name :  po_single_face_scatterer
  *** Message    :  Initialization
 
 
  Auto-convergence with desired accuracy of -80.00 dB.
 
  Face 1:
  Max. values: po1/po2 = 1330/3200
 
 PO convergence
  Test-grid  Ref-grid    Freq  Beam  Grid       P_max   P_level  Accuracy
    po1/po2   po1/po2                           [dBi]     [dBi]      [dB]
      20/10     10/10       1     1     1       40.38     40.38   -120.60  *
      20/10     10/10       1     1     2       40.38     40.38    -12.02
      40/10     20/10       1     1     2       40.38     40.38    -22.27
      80/10     40/10       1     1     2       40.38     40.38    -39.57
     160/10     80/10       1     1     2       40.38     40.38   -282.98  *
      60/10    160/10       1     1     2       40.38     40.38   -276.62  *
      50/10    160/10       1     1     2       40.38     40.38   -135.89  *
      45/10    160/10       1     1     2       40.38     40.38    -79.92
      48/10    160/10       1     1     2       40.38     40.38   -111.94  *
      47/10    160/10       1     1     2       40.38     40.38   -100.71  *
 
 PO convergence
  Test-grid  Ref-grid    Freq  Beam  Grid       P_max   P_level  Accuracy
    po1/po2   po1/po2                           [dBi]     [dBi]      [dB]
      10/20     10/10       1     1     1       40.38     40.38    -15.09
      10/20     10/10       1     1     2       40.38     40.38    -13.80
      10/40     10/20       1     1     1       40.38     40.38    -57.23
      10/40     10/20       1     1     2       40.38     40.38    -11.76
      10/80     10/40       1     1     1       40.38     40.38   -277.49  *
      10/80     10/40       1     1     2       40.38     40.38    -22.18
     10/160     10/80       1     1     2       40.38     40.38    -27.66
     10/320    10/160       1     1     2       40.38     40.38   -284.66  *
     10/120    10/320       1     1     2       40.38     40.38    -65.36
     10/140    10/320       1     1     2       40.38     40.38   -161.95  *
     10/130    10/320       1     1     2       40.38     40.38   -107.32  *
     10/125    10/320       1     1     2       40.38     40.38    -84.40  *
     10/123    10/320       1     1     2       40.38     40.38    -76.40
  PO1 =   47  PO2 =  125  Face =    1, Final PO-values from auto-convergence
 
  Edge 1:
  Max. value: ptd = 3200
 
 PO convergence
  Test-grid  Ref-grid    Freq  Beam  Grid       P_max   P_level  Accuracy
        ptd       ptd                           [dBi]     [dBi]      [dB]
         20        10       1     1     1      -22.46     40.38    -64.75
         20        10       1     1     2      -23.59     40.38    -69.58
         40        20       1     1     1      -26.80     40.38    -83.71  *
         40        20       1     1     2      -25.59     40.38    -70.62
         80        40       1     1     1      -26.80     40.38   -287.74  *
         80        40       1     1     2      -30.00     40.38    -77.19
        160        80       1     1     2      -29.78     40.38    -72.93
        320       160       1     1     2      -38.71     40.38   -312.82  *
        120       320       1     1     2      -38.71     40.38    -87.35  *
        140       320       1     1     2      -38.71     40.38   -178.35  *
        130       320       1     1     2      -38.71     40.38   -126.11  *
        125       320       1     1     2      -38.71     40.38   -106.83  *
        123       320       1     1     2      -38.71     40.38    -99.17  *
  PTD =  123              Edge =    1, Final PTD-value from auto-convergence.
 
  Relative power hitting scatterer:    0.959255
  Spill-over:     0.1807 dB
 
 ----- TASK No. 2 -----     Started at 22:56:37 on April 13, 2024
 single_cut get_field ( source : sequence(ref(single_po), ref(single_feed)))
 
 
  *** Object name:  single_cut
  *** Class name :  spherical_cut
  *** Message    :  Get_field message received
 
  Source : single_po
  Source : single_feed
 
  Name of currents file: tmp_0000
 
  Control values found in the file:
    No. of frequencies: 1
    No. of beams      : 1
    No. of faces      : 1
    No. of edges      : 1
    No. of gaps       : 0
 
  Frequency number  1 :  12.000 GHz
 
    Face No.      PO1       PO2     Partitions
          1        47       125         1
 
    Edge No.     PTD1
          1       123
 
 
 
  *** Object name:  single_cut
  *** Class name :  spherical_cut
  *** Message    :  Field calculated
 
  Frequency No. :     1
  Beam No. :     1
 
 
  *** Object name:  single_cut
  *** Class name :  spherical_cut
  *** Message    :  Field calculated
 
  Frequency No. :     1
  Beam No. :     1
 
 ----- TASK No. 3 -----     Started at 22:56:37 on April 13, 2024
 spherical_grid get_field ( source : sequence(ref(single_po), ref(single_feed)))
 
 
  *** Object name:  spherical_grid
  *** Class name :  spherical_grid
  *** Message    :  Get_field message received
 
  Source : single_po
  Source : single_feed
 
 ----- END OF TASKS -----     Completed at 22:56:37 on April 13, 2024
 Total time was 0.58 sec
 Program stopped at 22:56:37 on 13 April 2024
 
