 
 
                                    G R A S P 9 - S E
                                    =================
 
  Student edition of General multi-reflector analysis program
 
 GRASP-SE version 10.3.0 (Windows ia32/x86 32-bit)
 
 
 GRASP-SE found  32 CPU cores
 (Student edition limited to 1 CPU core)
 
  Reading tor-file: Job_07.tor
 
 
  *** Object name:  single_global_coor
  *** Class name :  coor_sys
  *** Message    :  Object created
 
 
 
  *** Object name:  single_global_coor
  *** Class name :  coor_sys
  *** Message    :  New values in object
 
  Z_axis :     0.000000    0.000000    1.000000
 
 
  *** Object name:  single_frequencies
  *** Class name :  frequency
  *** Message    :  Object created
 
 
 
  *** Object name:  single_frequencies
  *** Class name :  frequency
  *** Message    :  New values in object
 
  Frequency No.    1  :   0.120000E+02 GHz
 
 
  *** Object name:  single_surface
  *** Class name :  paraboloid
  *** Message    :  Object created
 
 
 
  *** Object name:  single_surface
  *** Class name :  paraboloid
  *** Message    :  New values in object
 
 
  Focal length     :   1.000000 m
   and in SI units :   1.000000 meter
 
 
  *** Object name:  single_rim
  *** Class name :  rectangular_rim
  *** Message    :  Object created
 
 
 
  *** Object name:  single_rim
  *** Class name :  rectangular_rim
  *** Message    :  Definition of rectangular_rim
 
 
  The side lengths of the rectangle are defined by
    in x-direction :   0.500000 m
    in y-direction :   1.000000 m
  and in SI units
    in x-direction :   0.500000     meter
    in y-direction :   1.000000     meter
 
  The rim limits in radii are
    minimum :   0.250000     meter
    maximum :   0.559017     meter
 
  The rim limits in x direction are
    minimum :  -0.250000     meter
    maximum :   0.250000     meter
 
  The rim limits in y direction are
    minimum :  -0.500000     meter
    maximum :   0.500000     meter
 
 
  *** Object name:  single_reflector
  *** Class name :  reflector
  *** Message    :  Object created
 
 
 
  *** Object name:  single_reflector
  *** Class name :  reflector
  *** Message    :  New values in object
 
  Coordinate system: single_global_coor
  Surface: single_surface
  Rim: single_rim
 
 
  *** Object name:  single_feed_coor
  *** Class name :  coor_sys
  *** Message    :  Object created
 
 
 
  *** Object name:  single_feed_coor
  *** Class name :  coor_sys
  *** Message    :  New values in object
 
  Origin :   0.000000E+00 m     0.000000E+00 m     0.250000E+00 m
  Base name : single_global_coor
  Y_axis :     0.000000   -1.000000    0.000000
  Z_axis :     0.000000    0.000000   -1.000000
 
 
  *** Object name:  single_feed
  *** Class name :  gaussian_beam_pattern
  *** Message    :  Object created
 
 
 
  *** Object name:  single_feed
  *** Class name :  gaussian_beam_pattern
  *** Message    :  Object created
 
 
 
  *** Object name:  single_feed
  *** Class name :  gaussian_beam_pattern
  *** Message    :  New values in object
 
  Frequency : single_frequencies
  Coor_sys : single_feed_coor
 
 
  *** Object name:  single_feed
  *** Class name :  gaussian_beam_pattern
  *** Message    :  Definition of common feed attributes
 
 
 
  *** Object name:  single_feed
  *** Class name :  gaussian_beam_pattern
  *** Message    :  Definition of gaussian feed
 
 
  Taper angle :   90.0000 degrees
 
  Taper compared to on-axis level :  -12.0000 dB
 
  The imaginary displacement along the negative z-axis
    is  0.109563 wavelengths
 
 
  *** Object name:  single_cut_coor
  *** Class name :  coor_sys
  *** Message    :  Object created
 
 
 
  *** Object name:  single_cut_coor
  *** Class name :  coor_sys
  *** Message    :  New values in object
 
  Base name : single_global_coor
  Z_axis :     0.000000    0.000000    1.000000
 
 
  *** Object name:  single_cut
  *** Class name :  spherical_cut
  *** Message    :  Object created
 
 
 
  *** Object name:  single_cut
  *** Class name :  spherical_cut
  *** Message    :  New values in object
 
  File name :
  Coor_sys : single_cut_coor
  Theta range : start  -7.15702    end   7.15702    points   161
  Phi range : start   0.00000    end  90.00000    points     3
 
 
  *** Object name:  single_po
  *** Class name :  po_single_face_scatterer
  *** Message    :  Object created
 
 
 
  *** Object name:  single_po
  *** Class name :  po_single_face_scatterer
  *** Message    :  New values in object
 
  Frequency : single_frequencies
  Scatterer : single_reflector
 
 
  *** Object name:  spherical_grid
  *** Class name :  spherical_grid
  *** Message    :  Object created
 
 
 
  *** Object name:  spherical_grid
  *** Class name :  spherical_grid
  *** Message    :  New values in object
 
  File name :
  Coor_sys : single_cut_coor
  X range : start  -0.20000    end   0.20000    points   201
  Y range : start  -0.20000    end   0.20000    points   201
 
 
  *** Object name:  view_1
  *** Class name :  view
  *** Message    :  Object created
 
 
 
  *** Object name:  view_1
  *** Class name :  view
  *** Message    :  New values in object
 
 
  Number of objects :      4
 
  Definition of objects   :
   No.  Name
     1  view_1_coor_sys_plot
     2  view_1_reflector_plot
     3  view_1_feed_plot
     4  view_1_output_points_plot
 
 
 
  *** Object name:  view_1_coor_sys_plot
  *** Class name :  coor_sys_plot
  *** Message    :  Object created
 
 
 
  *** Object name:  view_1_coor_sys_plot
  *** Class name :  coor_sys_plot
  *** Message    :  Definition of coor_sys_plot
 
 
 
  *** Object name:  view_1_reflector_plot
  *** Class name :  reflector_plot
  *** Message    :  Object created
 
 
 
  *** Object name:  view_1_reflector_plot
  *** Class name :  reflector_plot
  *** Message    :  Definition of reflector_plot
 
 
 
  *** Object name:  view_1_feed_plot
  *** Class name :  feed_plot
  *** Message    :  Object created
 
 
 
  *** Object name:  view_1_feed_plot
  *** Class name :  feed_plot
  *** Message    :  Definition of feed_plot
 
 
 
  *** Object name:  view_1_output_points_plot
  *** Class name :  output_points_plot
  *** Message    :  Object created
 
 
 
  *** Object name:  view_1_output_points_plot
  *** Class name :  output_points_plot
  *** Message    :  Definition of output_points_plot
 
 Program started at 23:04:27 on 13 April 2024
 
 
 ----- TASK No. 1 -----     Started at 23:04:27 on April 13, 2024
 single_po get_currents ( source : sequence(ref(single_feed)))
 
 
  *** Object name:  single_po
  *** Class name :  po_single_face_scatterer
  *** Message    :  Get_currents message received
 
  Source : single_feed
 
 
  *** Object name:  single_po
  *** Class name :  po_single_face_scatterer
  *** Message    :  Initialization
 
 
  Auto-convergence with desired accuracy of -80.00 dB.
 
  Face 1:
  Max. values: po1/po2 = 700/1400
 
 PO convergence
  Test-grid  Ref-grid    Freq  Beam  Grid       P_max   P_level  Accuracy
    po1/po2   po1/po2                           [dBi]     [dBi]      [dB]
      20/10     10/10       1     1     1       29.35     29.35     -4.53
      20/10     10/10       1     1     2       29.15     29.15     -4.66
      40/10     20/10       1     1     1       23.05     23.05    -61.45
      40/10     20/10       1     1     2       22.75     22.75    -41.36
      80/10     40/10       1     1     1       23.05     23.05   -273.68  *
      80/10     40/10       1     1     2       22.75     22.75   -278.80  *
      30/10     80/10       1     1     1       23.05     23.05   -182.91  *
      30/10     80/10       1     1     2       22.75     22.75   -151.71  *
      25/10     80/10       1     1     1       23.05     23.05   -117.41  *
      25/10     80/10       1     1     2       22.75     22.75    -91.31  *
      23/10     80/10       1     1     1       23.05     23.05    -93.72  *
      23/10     80/10       1     1     2       22.75     22.75    -69.90
      24/10     80/10       1     1     2       22.75     22.75    -80.39  *
 
 PO convergence
  Test-grid  Ref-grid    Freq  Beam  Grid       P_max   P_level  Accuracy
    po1/po2   po1/po2                           [dBi]     [dBi]      [dB]
      10/20     10/10       1     1     1       29.35     29.35      2.62
      10/20     10/10       1     1     2       29.15     29.15      2.73
      10/40     10/20       1     1     1       25.81     25.81     -3.01
      10/40     10/20       1     1     2       25.11     25.11     -2.24
      10/80     10/40       1     1     1       18.43     23.05    -34.75
      10/80     10/40       1     1     2       19.69     22.75    -14.52
     10/160     10/80       1     1     1       18.46     23.05   -266.81  *
     10/160     10/80       1     1     2       17.34     22.75   -265.86  *
      10/60    10/160       1     1     1       18.46     23.05   -182.30  *
      10/60    10/160       1     1     2       17.34     22.75   -140.97  *
      10/50    10/160       1     1     1       18.46     23.05    -98.08  *
      10/50    10/160       1     1     2       17.34     22.75    -66.37
      10/55    10/160       1     1     2       17.34     22.75   -101.29  *
      10/53    10/160       1     1     1       18.46     23.05   -121.56  *
      10/53    10/160       1     1     2       17.34     22.75    -86.72  *
      10/52    10/160       1     1     1       18.46     23.05   -113.55  *
      10/52    10/160       1     1     2       17.34     22.75    -79.74
  PO1 =   24  PO2 =   53  Face =    1, Final PO-values from auto-convergence
 
  Edge 1:
  Max. value: ptd = 1400
 
 PO convergence
  Test-grid  Ref-grid    Freq  Beam  Grid       P_max   P_level  Accuracy
        ptd       ptd                           [dBi]     [dBi]      [dB]
         20        10       1     1     1      -17.74     23.05    -36.34
         20        10       1     1     2      -19.04     22.75    -38.11
         40        20       1     1     1      -18.73     23.05    -41.71
         40        20       1     1     2      -21.98     22.75    -43.27
         80        40       1     1     1      -29.01     23.05   -107.49  *
         80        40       1     1     2      -28.10     22.75    -77.37
        160        80       1     1     2      -28.01     22.75   -305.84  *
         60       160       1     1     2      -28.01     22.75   -244.60  *
         50       160       1     1     2      -28.01     22.75   -149.95  *
         45       160       1     1     2      -28.01     22.75   -110.28  *
         43       160       1     1     2      -28.01     22.75    -96.20  *
         42       160       1     1     2      -28.01     22.75    -89.60  *
  PTD =   42              Edge =    1, Final PTD-value from auto-convergence.
 
  Edge 2:
  Max. value: ptd = 700
 
 PO convergence
  Test-grid  Ref-grid    Freq  Beam  Grid       P_max   P_level  Accuracy
        ptd       ptd                           [dBi]     [dBi]      [dB]
         20        10       1     1     1      -40.44     23.05    -84.76  *
         20        10       1     1     2      -39.66     22.75    -68.40
         40        20       1     1     2      -40.46     22.75   -180.68  *
         15        40       1     1     2      -40.46     22.75   -114.22  *
         13        40       1     1     2      -40.46     22.75    -92.72  *
         12        40       1     1     2      -40.46     22.75    -83.40  *
         11        40       1     1     2      -40.46     22.75    -75.23
  PTD =   12              Edge =    2, Final PTD-value from auto-convergence.
 
  Edge 3:
  Max. value: ptd = 1400
 
 PO convergence
  Test-grid  Ref-grid    Freq  Beam  Grid       P_max   P_level  Accuracy
        ptd       ptd                           [dBi]     [dBi]      [dB]
         20        10       1     1     1      -17.74     23.05    -36.34
         20        10       1     1     2      -19.04     22.75    -38.11
         40        20       1     1     1      -18.73     23.05    -41.71
         40        20       1     1     2      -21.98     22.75    -43.27
         80        40       1     1     1      -29.01     23.05   -107.49  *
         80        40       1     1     2      -28.10     22.75    -77.37
        160        80       1     1     2      -28.01     22.75   -305.72  *
         60       160       1     1     2      -28.01     22.75   -244.60  *
         50       160       1     1     2      -28.01     22.75   -149.95  *
         45       160       1     1     2      -28.01     22.75   -110.28  *
         43       160       1     1     2      -28.01     22.75    -96.20  *
         42       160       1     1     2      -28.01     22.75    -89.60  *
  PTD =   42              Edge =    3, Final PTD-value from auto-convergence.
 
  Edge 4:
  Max. value: ptd = 700
 
 PO convergence
  Test-grid  Ref-grid    Freq  Beam  Grid       P_max   P_level  Accuracy
        ptd       ptd                           [dBi]     [dBi]      [dB]
         20        10       1     1     1      -40.44     23.05    -84.76  *
         20        10       1     1     2      -39.66     22.75    -68.40
         40        20       1     1     2      -40.46     22.75   -180.68  *
         15        40       1     1     2      -40.46     22.75   -114.22  *
         13        40       1     1     2      -40.46     22.75    -92.72  *
         12        40       1     1     2      -40.46     22.75    -83.40  *
         11        40       1     1     2      -40.46     22.75    -75.23
  PTD =   12              Edge =    4, Final PTD-value from auto-convergence.
 
  Relative power hitting scatterer:    0.737367
  Spill-over:     1.3232 dB
 
 ----- TASK No. 2 -----     Started at 23:04:27 on April 13, 2024
 single_cut get_field ( source : sequence(ref(single_po), ref(single_feed)))
 
 
  *** Object name:  single_cut
  *** Class name :  spherical_cut
  *** Message    :  Get_field message received
 
  Source : single_po
  Source : single_feed
 
  Name of currents file: tmp_0000
 
  Control values found in the file:
    No. of frequencies: 1
    No. of beams      : 1
    No. of faces      : 1
    No. of edges      : 4
    No. of gaps       : 0
 
  Frequency number  1 :  12.000 GHz
 
    Face No.      PO1       PO2     Partitions
          1        24        53         1
 
    Edge No.     PTD1
          1        42
          2        12
          3        42
          4        12
 
 
 
  *** Object name:  single_cut
  *** Class name :  spherical_cut
  *** Message    :  Field calculated
 
  Frequency No. :     1
  Beam No. :     1
 
 
  *** Object name:  single_cut
  *** Class name :  spherical_cut
  *** Message    :  Field calculated
 
  Frequency No. :     1
  Beam No. :     1
 
 ----- TASK No. 3 -----     Started at 23:04:27 on April 13, 2024
 spherical_grid get_field ( source : sequence(ref(single_po), ref(single_feed)))
 
 
  *** Object name:  spherical_grid
  *** Class name :  spherical_grid
  *** Message    :  Get_field message received
 
  Source : single_po
  Source : single_feed
 
 
  *** Object name:  spherical_grid
  *** Class name :  spherical_grid
  *** Message    :  Field calculated
 
  Frequency No. :     1
  Beam No. :     1
 
 
  *** Object name:  spherical_grid
  *** Class name :  spherical_grid
  *** Message    :  Field calculated
 
  Frequency No. :     1
  Beam No. :     1
 
 ----- END OF TASKS -----     Completed at 23:04:30 on April 13, 2024
 Total time was 2.90 sec
 Program stopped at 23:04:30 on 13 April 2024
 
