 
 
                                    G R A S P 9 - S E
                                    =================
 
  Student edition of General multi-reflector analysis program
 
 GRASP-SE version 10.3.0 (Windows ia32/x86 32-bit)
 
 
 GRASP-SE found  32 CPU cores
 (Student edition limited to 1 CPU core)
 
  Reading tor-file: Job_03.tor
 
 
  *** Object name:  single_global_coor
  *** Class name :  coor_sys
  *** Message    :  Object created
 
 
 
  *** Object name:  single_global_coor
  *** Class name :  coor_sys
  *** Message    :  New values in object
 
  Z_axis :     0.000000    0.000000    1.000000
 
 
  *** Object name:  single_frequencies
  *** Class name :  frequency
  *** Message    :  Object created
 
 
 
  *** Object name:  single_frequencies
  *** Class name :  frequency
  *** Message    :  New values in object
 
  Frequency No.    1  :   0.300000E+02 GHz
 
 
  *** Object name:  single_surface
  *** Class name :  paraboloid
  *** Message    :  Object created
 
 
 
  *** Object name:  single_surface
  *** Class name :  paraboloid
  *** Message    :  New values in object
 
 
  Focal length     :   0.600000 m
   and in SI units :   0.600000 meter
 
 
  *** Object name:  single_rim
  *** Class name :  elliptical_rim
  *** Message    :  Object created
 
 
 
  *** Object name:  single_rim
  *** Class name :  elliptical_rim
  *** Message    :  Definition of elliptical_rim
 
 
  The half axes of the ellipse are defined by
    in x-direction :   0.500000 m
    in y-direction :   0.500000 m
  and in SI units
    in x-direction :   0.500000     meter
    in y-direction :   0.500000     meter
 
  The rim limits in radii are
    minimum :   0.500000     meter
    maximum :   0.500000     meter
 
  The rim limits in x direction are
    minimum :  -0.500000     meter
    maximum :   0.500000     meter
 
  The rim limits in y direction are
    minimum :  -0.500000     meter
    maximum :   0.500000     meter
 
 
  *** Object name:  single_reflector
  *** Class name :  reflector
  *** Message    :  Object created
 
 
 
  *** Object name:  single_reflector
  *** Class name :  reflector
  *** Message    :  New values in object
 
  Coordinate system: single_global_coor
  Surface: hyperboloid
  Rim: single_rim
 
 
  *** Object name:  single_feed_coor
  *** Class name :  coor_sys
  *** Message    :  Object created
 
 
 
  *** Object name:  single_feed_coor
  *** Class name :  coor_sys
  *** Message    :  New values in object
 
  Origin :   0.000000E+00 m     0.000000E+00 m     0.600000E+00 m
  Base name : single_global_coor
  Y_axis :     0.000000   -1.000000    0.000000
  Z_axis :     0.000000    0.000000   -1.000000
 
 
  *** Object name:  single_feed
  *** Class name :  gaussian_beam_pattern
  *** Message    :  Object created
 
 
 
  *** Object name:  single_feed
  *** Class name :  gaussian_beam_pattern
  *** Message    :  Object created
 
 
 
  *** Object name:  single_feed
  *** Class name :  gaussian_beam_pattern
  *** Message    :  New values in object
 
  Frequency : single_frequencies
  Coor_sys : single_feed_coor
 
 
  *** Object name:  single_feed
  *** Class name :  gaussian_beam_pattern
  *** Message    :  Definition of common feed attributes
 
 
 
  *** Object name:  single_feed
  *** Class name :  gaussian_beam_pattern
  *** Message    :  Definition of gaussian feed
 
 
  Taper angle :   45.2397 degrees
 
  Taper compared to on-axis level : -10.00000 dB
 
  The principal polarisation is : linear_y
 
  The imaginary displacement along the negative z-axis
    is  0.533214 wavelengths
 
 
  *** Object name:  single_cut_coor
  *** Class name :  coor_sys
  *** Message    :  Object created
 
 
 
  *** Object name:  single_cut_coor
  *** Class name :  coor_sys
  *** Message    :  New values in object
 
  Base name : single_global_coor
  Z_axis :     0.000000    0.000000    1.000000
 
 
  *** Object name:  single_cut
  *** Class name :  spherical_cut
  *** Message    :  Object created
 
 
 
  *** Object name:  single_cut
  *** Class name :  spherical_cut
  *** Message    :  New values in object
 
  File name :
  Coor_sys : single_cut_coor
  Theta range : start -90.00000    end  90.00000    points  1001
  Phi range : start   0.00000    end  90.00000    points     3
 
 
  *** Object name:  single_po
  *** Class name :  po_single_face_scatterer
  *** Message    :  Object created
 
 
 
  *** Object name:  single_po
  *** Class name :  po_single_face_scatterer
  *** Message    :  New values in object
 
  Frequency : single_frequencies
  Scatterer : single_reflector
 
 
  *** Object name:  hyperboloid
  *** Class name :  hyperboloid
  *** Message    :  Object created
 
 
 
  *** Object name:  hyperboloid
  *** Class name :  hyperboloid
  *** Message    :  New values in object
 
 
  Distance between the vertices, 2a :   0.100000E+00 m
   and in SI units                  :   0.100000E+00 meter
 
  Distance between the foci, 2c     :   0.300000 m
   and in SI units                  :   0.300000 meter
 
    giving the eccentricity         :    3.00000
 
 
  *** Object name:  spherical_grid
  *** Class name :  spherical_grid
  *** Message    :  Object created
 
 
 
  *** Object name:  spherical_grid
  *** Class name :  spherical_grid
  *** Message    :  New values in object
 
  File name :
  Coor_sys : single_cut_coor
  X range : start  -0.50000    end   0.50000    points   201
  Y range : start  -0.50000    end   0.50000    points   201
 
 
  *** Object name:  view_1
  *** Class name :  view
  *** Message    :  Object created
 
 
 
  *** Object name:  view_1
  *** Class name :  view
  *** Message    :  New values in object
 
 
  Number of objects :      4
 
  Definition of objects   :
   No.  Name
     1  view_1_coor_sys_plot
     2  view_1_reflector_plot
     3  view_1_feed_plot
     4  view_1_output_points_plot
 
 
 
  *** Object name:  view_1_coor_sys_plot
  *** Class name :  coor_sys_plot
  *** Message    :  Object created
 
 
 
  *** Object name:  view_1_coor_sys_plot
  *** Class name :  coor_sys_plot
  *** Message    :  Definition of coor_sys_plot
 
 
 
  *** Object name:  view_1_reflector_plot
  *** Class name :  reflector_plot
  *** Message    :  Object created
 
 
 
  *** Object name:  view_1_reflector_plot
  *** Class name :  reflector_plot
  *** Message    :  Definition of reflector_plot
 
 
 
  *** Object name:  view_1_feed_plot
  *** Class name :  feed_plot
  *** Message    :  Object created
 
 
 
  *** Object name:  view_1_feed_plot
  *** Class name :  feed_plot
  *** Message    :  Definition of feed_plot
 
 
 
  *** Object name:  view_1_output_points_plot
  *** Class name :  output_points_plot
  *** Message    :  Object created
 
 
 
  *** Object name:  view_1_output_points_plot
  *** Class name :  output_points_plot
  *** Message    :  Definition of output_points_plot
 
 Program started at 23:47:57 on 13 April 2024
 
 
 ----- TASK No. 1 -----     Started at 23:47:57 on April 13, 2024
 single_po get_currents ( source : sequence(ref(single_feed)))
 
 
  *** Object name:  single_po
  *** Class name :  po_single_face_scatterer
  *** Message    :  Get_currents message received
 
  Source : single_feed
 
 
  *** Object name:  single_po
  *** Class name :  po_single_face_scatterer
  *** Message    :  Initialization
 
 
  Auto-convergence with desired accuracy of -80.00 dB.
 
  Face 1:
  Max. values: po1/po2 = 3330/8000
 
 PO convergence
  Test-grid  Ref-grid    Freq  Beam  Grid       P_max   P_level  Accuracy
    po1/po2   po1/po2                           [dBi]     [dBi]      [dB]
      20/10     10/10       1     1     1       39.61     39.61      3.57
      20/10     10/10       1     1     2       39.61     39.61      3.57
      40/10     20/10       1     1     1       37.91     37.91      2.60
      40/10     20/10       1     1     2       37.91     37.91      2.60
      80/10     40/10       1     1     1       38.49     38.49      6.83
      80/10     40/10       1     1     2       38.49     38.49      6.83
     160/10     80/10       1     1     1       40.06     40.06     -0.05
     160/10     80/10       1     1     2       40.06     40.06     -0.05
     320/10    160/10       1     1     1       24.70     24.70   -141.30  *
     320/10    160/10       1     1     2       13.74     13.74   -211.97  *
     120/10    320/10       1     1     1       24.70     24.70      1.63
     120/10    320/10       1     1     2       13.74     13.74      0.42
     140/10    320/10       1     1     1       24.70     24.70    -15.46
     140/10    320/10       1     1     2       13.74     13.74    -53.69
     150/10    320/10       1     1     1       24.70     24.70    -65.49
     150/10    320/10       1     1     2       13.74     13.74   -129.83  *
     155/10    320/10       1     1     1       24.70     24.70   -100.75  *
     153/10    320/10       1     1     1       24.70     24.70    -85.97  *
     153/10    320/10       1     1     2       13.74     13.74   -156.63  *
 
 PO convergence
  Test-grid  Ref-grid    Freq  Beam  Grid       P_max   P_level  Accuracy
    po1/po2   po1/po2                           [dBi]     [dBi]      [dB]
      10/20     10/10       1     1     1       39.61     39.61      1.47
      10/20     10/10       1     1     2       39.61     39.61     -4.81
      10/40     10/20       1     1     1       39.61     39.61     -1.25
      10/40     10/20       1     1     2       39.61     39.61     -2.58
      10/80     10/40       1     1     1       39.61     39.61     -4.49
      10/80     10/40       1     1     2       39.61     39.61     -8.40
     10/160     10/80       1     1     1       39.61     39.61     -7.35
     10/160     10/80       1     1     2       39.61     39.61    -11.54
     10/320    10/160       1     1     1       39.61     39.61    -12.28
     10/320    10/160       1     1     2       39.61     39.61    -16.75
     10/640    10/320       1     1     1       39.61     39.61    -48.08
     10/640    10/320       1     1     2       39.61     39.61   -289.67  *
    10/1280    10/640       1     1     1       39.61     39.61   -279.53  *
     10/480   10/1280       1     1     1       39.61     39.61   -285.62  *
     10/400   10/1280       1     1     1       39.61     39.61   -280.27  *
     10/360   10/1280       1     1     1       39.61     39.61   -194.01  *
     10/340   10/1280       1     1     1       39.61     39.61   -108.63  *
     10/330   10/1280       1     1     1       39.61     39.61    -74.69
  PO1 =  153  PO2 =  340  Face =    1, Final PO-values from auto-convergence
 
  Edge 1:
  Max. value: ptd = 8000
 
 PO convergence
  Test-grid  Ref-grid    Freq  Beam  Grid       P_max   P_level  Accuracy
        ptd       ptd                           [dBi]     [dBi]      [dB]
         20        10       1     1     1      -12.45     39.61    -54.15
         20        10       1     1     2      -14.47     39.61    -55.57
         40        20       1     1     1      -14.79     39.61    -56.20
         40        20       1     1     2      -14.79     39.61    -59.09
         80        40       1     1     1      -14.79     39.61    -60.42
         80        40       1     1     2      -14.79     39.61    -63.07
        160        80       1     1     1      -14.79     39.61    -67.12
        160        80       1     1     2      -14.79     39.61    -60.98
        320       160       1     1     1      -14.79     39.61    -61.25
        320       160       1     1     2      -14.79     39.61    -65.34
        640       320       1     1     1      -14.79     39.61    -73.09
        640       320       1     1     2      -14.79     39.61   -339.37  *
       1280       640       1     1     1      -14.79     39.61   -339.33  *
        480      1280       1     1     1      -14.79     39.61   -333.71  *
        400      1280       1     1     1      -14.79     39.61   -318.37  *
        360      1280       1     1     1      -14.79     39.61   -210.26  *
        340      1280       1     1     1      -14.79     39.61   -128.35  *
        330      1280       1     1     1      -14.79     39.61    -96.66  *
  PTD =  330              Edge =    1, Final PTD-value from auto-convergence.
 
  Relative power hitting scatterer:    0.814593
  Spill-over:     0.8906 dB
 
 ----- TASK No. 2 -----     Started at 23:47:57 on April 13, 2024
 single_cut get_field ( source : sequence(ref(single_po), ref(single_feed)))
 
 
  *** Object name:  single_cut
  *** Class name :  spherical_cut
  *** Message    :  Get_field message received
 
  Source : single_po
  Source : single_feed
 
  Name of currents file: tmp_0000
 
  Control values found in the file:
    No. of frequencies: 1
    No. of beams      : 1
    No. of faces      : 1
    No. of edges      : 1
    No. of gaps       : 0
 
  Frequency number  1 :  30.000 GHz
 
    Face No.      PO1       PO2     Partitions
          1       153       340         4
 
    Edge No.     PTD1
          1       330
 
 
 
  *** Object name:  single_cut
  *** Class name :  spherical_cut
  *** Message    :  Field calculated
 
  Frequency No. :     1
  Beam No. :     1
 
 
  *** Object name:  single_cut
  *** Class name :  spherical_cut
  *** Message    :  Field calculated
 
  Frequency No. :     1
  Beam No. :     1
 
 ----- TASK No. 3 -----     Started at 23:47:59 on April 13, 2024
 spherical_grid get_field ( source : sequence(ref(single_po), ref(single_feed)))
 
 
  *** Object name:  spherical_grid
  *** Class name :  spherical_grid
  *** Message    :  Get_field message received
 
  Source : single_po
  Source : single_feed
 
 
  *** Object name:  spherical_grid
  *** Class name :  spherical_grid
  *** Message    :  Field calculated
 
  Frequency No. :     1
  Beam No. :     1
 
 
  *** Object name:  spherical_grid
  *** Class name :  spherical_grid
  *** Message    :  Field calculated
 
  Frequency No. :     1
  Beam No. :     1
 
 ----- END OF TASKS -----     Completed at 23:48:21 on April 13, 2024
 Total time was 24.36 sec
 Program stopped at 23:48:21 on 13 April 2024
 
