 
 GRASP-SE version 10.3.0 (Windows ia32/x86 32-bit)
 
 (Student edition limited to 1 CPU core)
 
 Program started at 23:18:18 on 13 April 2024
GRASP-SE>COMMAND OBJECT single_po get_currents ( source : sequence(ref(single_feed)))   single_po_cmd 
 ----- TASK No. 1 -----     Started at 23:18:18 on April 13, 2024                
  PO1 =   30  PO2 =   24  Face =    1, Final PO-values from auto-convergence
  PTD =   19              Edge =    1, Final PTD-value from auto-convergence.
  PTD =   24              Edge =    2, Final PTD-value from auto-convergence.
  PTD =   19              Edge =    3, Final PTD-value from auto-convergence.
  PTD =   24              Edge =    4, Final PTD-value from auto-convergence.
  Spill-over:     0.4964 dB
 Total task time:  0.49 sec               
GRASP-SE>COMMAND OBJECT single_cut get_field ( source : sequence(ref(single_po),   ref(single_feed))) single_get_field_cmd 
 ----- TASK No. 2 -----     Started at 23:18:19 on April 13, 2024                
 Total task time:  0.04 sec               
GRASP-SE>COMMAND OBJECT spherical_grid get_field ( source : sequence(ref(single_po),   ref(single_feed))) cmd_1 
 ----- TASK No. 3 -----     Started at 23:18:19 on April 13, 2024                
 Total task time:  1.55 sec               
GRASP-SE>QUIT 
 ----- END OF TASKS -----     Completed at 23:18:20 on April 13, 2024            
 Total time was 2.12 sec
 Program stopped at 23:18:20 on 13 April 2024
