 
 GRASP-SE version 10.3.0 (Windows ia32/x86 32-bit)
 
 (Student edition limited to 1 CPU core)
 
 Program started at 13:10:50 on 13 April 2024
GRASP-SE>COMMAND OBJECT single_po get_currents ( source : sequence(ref(single_feed)))   single_po_cmd 
 ----- TASK No. 1 -----     Started at 13:10:50 on April 13, 2024                
  PO1 =   10  PO2 =   23  Face =    1, Final PO-values from auto-convergence
  PTD =   21              Edge =    1, Final PTD-value from auto-convergence.
  Spill-over:     0.4038 dB
 Total task time:  0.43 sec               
GRASP-SE>COMMAND OBJECT single_cut get_field ( source : sequence(ref(single_po),   ref(single_feed))) single_get_field_cmd 
 ----- TASK No. 2 -----     Started at 13:10:50 on April 13, 2024                
 Total task time:  0.00 sec               
GRASP-SE>COMMAND OBJECT spherical_grid get_field ( source : sequence(ref(single_po),   ref(single_feed))) cmd_1 
 ----- TASK No. 3 -----     Started at 13:10:50 on April 13, 2024                
ERROR: Message from object spherical_grid: 
UV grid point where U*U+V*V > 1 
 
 Total task time:  0.00 sec               
 ----- END OF TASKS -----     Completed at 13:10:50 on April 13, 2024            
 Total time was 0.47 sec
 Program stopped at 13:10:50 on 13 April 2024
