 
 
                                    G R A S P 9 - S E
                                    =================
 
  Student edition of General multi-reflector analysis program
 
 GRASP-SE version 10.3.0 (Windows ia32/x86 32-bit)
 
 
 GRASP-SE found  32 CPU cores
 (Student edition limited to 1 CPU core)
 
  Reading tor-file: Job_67.tor
 
 
  *** Object name:  single_global_coor
  *** Class name :  coor_sys
  *** Message    :  Object created
 
 
 
  *** Object name:  single_global_coor
  *** Class name :  coor_sys
  *** Message    :  New values in object
 
  Z_axis :     0.000000    0.000000    1.000000
 
 
  *** Object name:  single_frequencies
  *** Class name :  frequency
  *** Message    :  Object created
 
 
 
  *** Object name:  single_frequencies
  *** Class name :  frequency
  *** Message    :  New values in object
 
  Frequency No.    1  :   0.200000E+02 GHz
 
 
  *** Object name:  single_surface
  *** Class name :  paraboloid
  *** Message    :  Object created
 
 
 
  *** Object name:  single_surface
  *** Class name :  paraboloid
  *** Message    :  New values in object
 
 
  Focal length     :    1.20000 m
   and in SI units :    1.20000 meter
 
 
  *** Object name:  single_rim
  *** Class name :  elliptical_rim
  *** Message    :  Object created
 
 
 
  *** Object name:  single_rim
  *** Class name :  elliptical_rim
  *** Message    :  Definition of elliptical_rim
 
 
  The half axes of the ellipse are defined by
    in x-direction :   0.300000 m
    in y-direction :   0.300000 m
  and in SI units
    in x-direction :   0.300000     meter
    in y-direction :   0.300000     meter
 
  The rim limits in radii are
    minimum :   0.300000     meter
    maximum :   0.300000     meter
 
  The rim limits in x direction are
    minimum :  -0.300000     meter
    maximum :   0.300000     meter
 
  The rim limits in y direction are
    minimum :  -0.300000     meter
    maximum :   0.300000     meter
 
 
  *** Object name:  single_reflector
  *** Class name :  reflector
  *** Message    :  Object created
 
 
 
  *** Object name:  single_reflector
  *** Class name :  reflector
  *** Message    :  New values in object
 
  Coordinate system: single_global_coor
  Surface: single_surface
  Rim: single_rim
 
 
  *** Object name:  single_feed_coor
  *** Class name :  coor_sys
  *** Message    :  Object created
 
 
 
  *** Object name:  single_feed_coor
  *** Class name :  coor_sys
  *** Message    :  New values in object
 
  Origin :   0.000000E+00 m     0.000000E+00 m     0.240000E+00 m
  Base name : single_global_coor
  Y_axis :     0.000000   -1.000000    0.000000
  Z_axis :     0.000000    0.000000   -1.000000
 
 
  *** Object name:  single_feed
  *** Class name :  gaussian_beam_pattern
  *** Message    :  Object created
 
 
 
  *** Object name:  single_feed
  *** Class name :  gaussian_beam_pattern
  *** Message    :  Object created
 
 
 
  *** Object name:  single_feed
  *** Class name :  gaussian_beam_pattern
  *** Message    :  New values in object
 
  Frequency : single_frequencies
  Coor_sys : single_feed_coor
 
 
  *** Object name:  single_feed
  *** Class name :  gaussian_beam_pattern
  *** Message    :  Definition of common feed attributes
 
 
 
  *** Object name:  single_feed
  *** Class name :  gaussian_beam_pattern
  *** Message    :  Definition of gaussian feed
 
 
  Taper angle :   64.0108 degrees
 
  The principal polarisation is : linear_y
 
 
  *** Object name:  single_cut_coor
  *** Class name :  coor_sys
  *** Message    :  Object created
 
 
 
  *** Object name:  single_cut_coor
  *** Class name :  coor_sys
  *** Message    :  New values in object
 
  Base name : single_global_coor
  Z_axis :     0.000000    0.000000    1.000000
 
 
  *** Object name:  single_cut
  *** Class name :  spherical_cut
  *** Message    :  Object created
 
 
 
  *** Object name:  single_cut
  *** Class name :  spherical_cut
  *** Message    :  New values in object
 
  File name :
  Coor_sys : single_cut_coor
  Theta range : start  -7.15702    end   7.15702    points   161
  Phi range : start   0.00000    end  90.00000    points     3
 
 
  *** Object name:  single_po
  *** Class name :  po_single_face_scatterer
  *** Message    :  Object created
 
 
 
  *** Object name:  single_po
  *** Class name :  po_single_face_scatterer
  *** Message    :  New values in object
 
  Frequency : single_frequencies
  Scatterer : single_reflector
 
 
  *** Object name:  spherical_grid
  *** Class name :  spherical_grid
  *** Message    :  Object created
 
 
 
  *** Object name:  spherical_grid
  *** Class name :  spherical_grid
  *** Message    :  New values in object
 
  File name :
  Coor_sys : single_cut_coor
  X range : start  -0.20000    end   0.20000    points   201
  Y range : start  -0.20000    end   0.20000    points   201
 
 
  *** Object name:  feedTaper
  *** Class name :  real_variable
  *** Message    :  Object created
 
 
 
  *** Object name:  feedTaper
  *** Class name :  real_variable
  *** Message    :  New values in object
 
 
 
  *** Object name:  single_feed
  *** Class name :  gaussian_beam_pattern
  *** Message    :  New values in object
 
 
 
  *** Object name:  single_feed
  *** Class name :  gaussian_beam_pattern
  *** Message    :  Definition of common feed attributes
 
 
 
  *** Object name:  single_feed
  *** Class name :  gaussian_beam_pattern
  *** Message    :  Definition of gaussian feed
 
 
  Taper compared to on-axis level :  -24.0000 dB
 
  The imaginary displacement along the negative z-axis
    is  0.689357 wavelengths
 
 
  *** Object name:  dishDepthRatio
  *** Class name :  real_variable
  *** Message    :  Object created
 
 
 
  *** Object name:  dishDepthRatio
  *** Class name :  real_variable
  *** Message    :  New values in object
 
 
 
  *** Object name:  view_1
  *** Class name :  view
  *** Message    :  Object created
 
 
 
  *** Object name:  view_1
  *** Class name :  view
  *** Message    :  New values in object
 
 
  Number of objects :      4
 
  Definition of objects   :
   No.  Name
     1  view_1_coor_sys_plot
     2  view_1_reflector_plot
     3  view_1_feed_plot
     4  view_1_output_points_plot
 
 
 
  *** Object name:  view_1_coor_sys_plot
  *** Class name :  coor_sys_plot
  *** Message    :  Object created
 
 
 
  *** Object name:  view_1_coor_sys_plot
  *** Class name :  coor_sys_plot
  *** Message    :  Definition of coor_sys_plot
 
 
 
  *** Object name:  view_1_reflector_plot
  *** Class name :  reflector_plot
  *** Message    :  Object created
 
 
 
  *** Object name:  view_1_reflector_plot
  *** Class name :  reflector_plot
  *** Message    :  Definition of reflector_plot
 
 
 
  *** Object name:  view_1_feed_plot
  *** Class name :  feed_plot
  *** Message    :  Object created
 
 
 
  *** Object name:  view_1_feed_plot
  *** Class name :  feed_plot
  *** Message    :  Definition of feed_plot
 
 
 
  *** Object name:  view_1_output_points_plot
  *** Class name :  output_points_plot
  *** Message    :  Object created
 
 
 
  *** Object name:  view_1_output_points_plot
  *** Class name :  output_points_plot
  *** Message    :  Definition of output_points_plot
 
 Program started at 16:32:06 on 13 April 2024
 
 
 ----- TASK No. 1 -----     Started at 16:32:06 on April 13, 2024
 single_po get_currents ( source : sequence(ref(single_feed)))
 
 
  *** Object name:  single_po
  *** Class name :  po_single_face_scatterer
  *** Message    :  Get_currents message received
 
  Source : single_feed
 
 
  *** Object name:  single_po
  *** Class name :  po_single_face_scatterer
  *** Message    :  Initialization
 
 
  Auto-convergence with desired accuracy of -80.00 dB.
 
  Face 1:
  Max. values: po1/po2 = 1330/3200
 
 PO convergence
  Test-grid  Ref-grid    Freq  Beam  Grid       P_max   P_level  Accuracy
    po1/po2   po1/po2                           [dBi]     [dBi]      [dB]
      20/10     10/10       1     1     1       30.56     30.56      1.48
      20/10     10/10       1     1     2       30.56     30.56      1.48
      40/10     20/10       1     1     1       16.03     16.03    -11.08
      40/10     20/10       1     1     2       22.92     22.92     -2.78
      80/10     40/10       1     1     1       15.68     15.68   -265.47  *
      80/10     40/10       1     1     2       15.68     15.68   -192.73  *
      30/10     80/10       1     1     1       15.68     15.68   -118.69  *
      30/10     80/10       1     1     2       15.68     15.68    -60.27
      35/10     80/10       1     1     2       15.68     15.68   -120.44  *
      33/10     80/10       1     1     1       15.68     15.68   -163.38  *
      33/10     80/10       1     1     2       15.68     15.68    -94.75  *
      32/10     80/10       1     1     1       15.68     15.68   -148.00  *
      32/10     80/10       1     1     2       15.68     15.68    -82.69  *
      31/10     80/10       1     1     1       15.68     15.68   -133.10  *
      31/10     80/10       1     1     2       15.68     15.68    -71.18
 
 PO convergence
  Test-grid  Ref-grid    Freq  Beam  Grid       P_max   P_level  Accuracy
    po1/po2   po1/po2                           [dBi]     [dBi]      [dB]
      10/20     10/10       1     1     1       30.56     30.56    -17.12
      10/20     10/10       1     1     2       30.56     30.56     -5.89
      10/40     10/20       1     1     1       30.56     30.56    -51.02
      10/40     10/20       1     1     2       30.56     30.56    -11.61
      10/80     10/40       1     1     1       30.56     30.56   -261.14  *
      10/80     10/40       1     1     2       30.56     30.56    -47.16
     10/160     10/80       1     1     2       30.56     30.56   -289.77  *
      10/60    10/160       1     1     2       30.56     30.56   -209.12  *
      10/50    10/160       1     1     2       30.56     30.56   -118.72  *
      10/45    10/160       1     1     2       30.56     30.56    -77.63
      10/48    10/160       1     1     2       30.56     30.56   -100.45  *
      10/47    10/160       1     1     2       30.56     30.56   -101.89  *
  PO1 =   32  PO2 =   47  Face =    1, Final PO-values from auto-convergence
 
  Edge 1:
  Max. value: ptd = 3200
 
 PO convergence
  Test-grid  Ref-grid    Freq  Beam  Grid       P_max   P_level  Accuracy
        ptd       ptd                           [dBi]     [dBi]      [dB]
         20        10       1     1     1      -20.99     30.56    -52.98
         20        10       1     1     2      -23.29     30.56    -56.04
         40        20       1     1     1      -22.61     30.56    -70.89
         40        20       1     1     2      -27.51     30.56    -62.11
         80        40       1     1     1      -22.61     30.56   -275.87  *
         80        40       1     1     2      -27.51     30.56    -71.14
        160        80       1     1     2      -27.51     30.56   -337.51  *
         60       160       1     1     2      -27.51     30.56   -213.62  *
         50       160       1     1     2      -27.51     30.56   -129.91  *
         45       160       1     1     2      -27.51     30.56    -96.04  *
         43       160       1     1     2      -27.51     30.56    -86.60  *
         42       160       1     1     2      -27.51     30.56    -81.63  *
  PTD =   42              Edge =    1, Final PTD-value from auto-convergence.
 
  Relative power hitting scatterer:    0.981720
  Spill-over:     0.0801 dB
 
 ----- TASK No. 2 -----     Started at 16:32:07 on April 13, 2024
 single_cut get_field ( source : sequence(ref(single_po), ref(single_feed)))
 
 
  *** Object name:  single_cut
  *** Class name :  spherical_cut
  *** Message    :  Get_field message received
 
  Source : single_po
  Source : single_feed
 
  Name of currents file: tmp_0000
 
  Control values found in the file:
    No. of frequencies: 1
    No. of beams      : 1
    No. of faces      : 1
    No. of edges      : 1
    No. of gaps       : 0
 
  Frequency number  1 :  20.000 GHz
 
    Face No.      PO1       PO2     Partitions
          1        32        47         1
 
    Edge No.     PTD1
          1        42
 
 
 
  *** Object name:  single_cut
  *** Class name :  spherical_cut
  *** Message    :  Field calculated
 
  Frequency No. :     1
  Beam No. :     1
 
 
  *** Object name:  single_cut
  *** Class name :  spherical_cut
  *** Message    :  Field calculated
 
  Frequency No. :     1
  Beam No. :     1
 
 ----- TASK No. 3 -----     Started at 16:32:07 on April 13, 2024
 spherical_grid get_field ( source : sequence(ref(single_feed), ref(single_po)))
 
 
  *** Object name:  spherical_grid
  *** Class name :  spherical_grid
  *** Message    :  Get_field message received
 
  Source : single_feed
  Source : single_po
 
 
  *** Object name:  spherical_grid
  *** Class name :  spherical_grid
  *** Message    :  Field calculated
 
  Frequency No. :     1
  Beam No. :     1
 
 
  *** Object name:  spherical_grid
  *** Class name :  spherical_grid
  *** Message    :  Field calculated
 
  Frequency No. :     1
  Beam No. :     1
 
 ----- END OF TASKS -----     Completed at 16:32:08 on April 13, 2024
 Total time was 2.76 sec
 Program stopped at 16:32:08 on 13 April 2024
 
