 
 
                                    G R A S P 9 - S E
                                    =================
 
  Student edition of General multi-reflector analysis program
 
 GRASP-SE version 10.3.0 (Windows ia32/x86 32-bit)
 
 
 GRASP-SE found  32 CPU cores
 (Student edition limited to 1 CPU core)
 
  Reading tor-file: Job_11.tor
 
 
  *** Object name:  single_global_coor
  *** Class name :  coor_sys
  *** Message    :  Object created
 
 
 
  *** Object name:  single_global_coor
  *** Class name :  coor_sys
  *** Message    :  New values in object
 
  Z_axis :     0.000000    0.000000    1.000000
 
 
  *** Object name:  single_frequencies
  *** Class name :  frequency
  *** Message    :  Object created
 
 
 
  *** Object name:  single_frequencies
  *** Class name :  frequency
  *** Message    :  New values in object
 
  Frequency No.    1  :   0.120000E+02 GHz
 
 
  *** Object name:  single_surface
  *** Class name :  paraboloid
  *** Message    :  Object created
 
 
 
  *** Object name:  single_surface
  *** Class name :  paraboloid
  *** Message    :  New values in object
 
 
  Focal length     :   0.200000 m
   and in SI units :   0.200000 meter
 
 
  *** Object name:  single_rim
  *** Class name :  rectangular_rim
  *** Message    :  Object created
 
 
 
  *** Object name:  single_rim
  *** Class name :  rectangular_rim
  *** Message    :  Definition of rectangular_rim
 
 
  The side lengths of the rectangle are defined by
    in x-direction :   0.500000 m
    in y-direction :   1.000000 m
  and in SI units
    in x-direction :   0.500000     meter
    in y-direction :   1.000000     meter
 
  The rim limits in radii are
    minimum :   0.250000     meter
    maximum :   0.559017     meter
 
  The rim limits in x direction are
    minimum :  -0.250000     meter
    maximum :   0.250000     meter
 
  The rim limits in y direction are
    minimum :  -0.500000     meter
    maximum :   0.500000     meter
 
 
  *** Object name:  single_reflector
  *** Class name :  reflector
  *** Message    :  Object created
 
 
 
  *** Object name:  single_reflector
  *** Class name :  reflector
  *** Message    :  New values in object
 
  Coordinate system: single_global_coor
  Surface: single_surface
  Rim: single_rim
 
 
  *** Object name:  single_feed_coor
  *** Class name :  coor_sys
  *** Message    :  Object created
 
 
 
  *** Object name:  single_feed_coor
  *** Class name :  coor_sys
  *** Message    :  New values in object
 
  Origin :   0.000000E+00 m     0.000000E+00 m     0.250000E+00 m
  Base name : single_global_coor
  Y_axis :     0.000000   -1.000000    0.000000
  Z_axis :     0.000000    0.000000   -1.000000
 
 
  *** Object name:  single_feed
  *** Class name :  gaussian_beam_pattern
  *** Message    :  Object created
 
 
 
  *** Object name:  single_feed
  *** Class name :  gaussian_beam_pattern
  *** Message    :  Object created
 
 
 
  *** Object name:  single_feed
  *** Class name :  gaussian_beam_pattern
  *** Message    :  New values in object
 
  Frequency : single_frequencies
  Coor_sys : single_feed_coor
 
 
  *** Object name:  single_feed
  *** Class name :  gaussian_beam_pattern
  *** Message    :  Definition of common feed attributes
 
 
 
  *** Object name:  single_feed
  *** Class name :  gaussian_beam_pattern
  *** Message    :  Definition of gaussian feed
 
 
  Taper angle :   90.0000 degrees
 
  Taper compared to on-axis level :  -12.0000 dB
 
  The imaginary displacement along the negative z-axis
    is  0.109563 wavelengths
 
 
  *** Object name:  single_cut_coor
  *** Class name :  coor_sys
  *** Message    :  Object created
 
 
 
  *** Object name:  single_cut_coor
  *** Class name :  coor_sys
  *** Message    :  New values in object
 
  Base name : single_global_coor
  Z_axis :     0.000000    0.000000    1.000000
 
 
  *** Object name:  single_cut
  *** Class name :  spherical_cut
  *** Message    :  Object created
 
 
 
  *** Object name:  single_cut
  *** Class name :  spherical_cut
  *** Message    :  New values in object
 
  File name :
  Coor_sys : single_cut_coor
  Theta range : start -45.00000    end  45.00000    points   301
  Phi range : start   0.00000    end  90.00000    points     3
 
 
  *** Object name:  single_po
  *** Class name :  po_single_face_scatterer
  *** Message    :  Object created
 
 
 
  *** Object name:  single_po
  *** Class name :  po_single_face_scatterer
  *** Message    :  New values in object
 
  Frequency : single_frequencies
  Scatterer : single_reflector
 
 
  *** Object name:  spherical_grid
  *** Class name :  spherical_grid
  *** Message    :  Object created
 
 
 
  *** Object name:  spherical_grid
  *** Class name :  spherical_grid
  *** Message    :  New values in object
 
  File name :
  Coor_sys : single_cut_coor
  X range : start  -0.20000    end   0.20000    points   201
  Y range : start  -0.20000    end   0.20000    points   201
 
 
  *** Object name:  view_1
  *** Class name :  view
  *** Message    :  Object created
 
 
 
  *** Object name:  view_1
  *** Class name :  view
  *** Message    :  New values in object
 
 
  Number of objects :      4
 
  Definition of objects   :
   No.  Name
     1  view_1_coor_sys_plot
     2  view_1_reflector_plot
     3  view_1_feed_plot
     4  view_1_output_points_plot
 
 
 
  *** Object name:  view_1_coor_sys_plot
  *** Class name :  coor_sys_plot
  *** Message    :  Object created
 
 
 
  *** Object name:  view_1_coor_sys_plot
  *** Class name :  coor_sys_plot
  *** Message    :  Definition of coor_sys_plot
 
 
 
  *** Object name:  view_1_reflector_plot
  *** Class name :  reflector_plot
  *** Message    :  Object created
 
 
 
  *** Object name:  view_1_reflector_plot
  *** Class name :  reflector_plot
  *** Message    :  Definition of reflector_plot
 
 
 
  *** Object name:  view_1_feed_plot
  *** Class name :  feed_plot
  *** Message    :  Object created
 
 
 
  *** Object name:  view_1_feed_plot
  *** Class name :  feed_plot
  *** Message    :  Definition of feed_plot
 
 
 
  *** Object name:  view_1_output_points_plot
  *** Class name :  output_points_plot
  *** Message    :  Object created
 
 
 
  *** Object name:  view_1_output_points_plot
  *** Class name :  output_points_plot
  *** Message    :  Definition of output_points_plot
 
 Program started at 23:09:07 on 13 April 2024
 
 
 ----- TASK No. 1 -----     Started at 23:09:07 on April 13, 2024
 single_po get_currents ( source : sequence(ref(single_feed)))
 
 
  *** Object name:  single_po
  *** Class name :  po_single_face_scatterer
  *** Message    :  Get_currents message received
 
  Source : single_feed
 
 
  *** Object name:  single_po
  *** Class name :  po_single_face_scatterer
  *** Message    :  Initialization
 
 
  Auto-convergence with desired accuracy of -80.00 dB.
 
  Face 1:
  Max. values: po1/po2 = 700/1400
 
 PO convergence
  Test-grid  Ref-grid    Freq  Beam  Grid       P_max   P_level  Accuracy
    po1/po2   po1/po2                           [dBi]     [dBi]      [dB]
      20/10     10/10       1     1     1       33.91     33.91      2.07
      20/10     10/10       1     1     2       22.52     22.52    -15.26
      40/10     20/10       1     1     1       33.91     33.91     -4.87
      40/10     20/10       1     1     2       22.50     22.50   -134.80  *
      80/10     40/10       1     1     1       33.91     33.91   -226.99  *
      30/10     80/10       1     1     1       33.91     33.91    -84.51  *
      25/10     80/10       1     1     1       33.91     33.91    -27.70
      28/10     80/10       1     1     1       33.91     33.91    -59.27
      29/10     80/10       1     1     1       33.91     33.91    -71.60
 
 PO convergence
  Test-grid  Ref-grid    Freq  Beam  Grid       P_max   P_level  Accuracy
    po1/po2   po1/po2                           [dBi]     [dBi]      [dB]
      10/20     10/10       1     1     1       33.91     33.91     -1.63
      10/20     10/10       1     1     2       22.52     22.52      2.48
      10/40     10/20       1     1     1       30.84     33.91      1.78
      10/40     10/20       1     1     2       21.00     22.50     -5.17
      10/80     10/40       1     1     1       30.84     33.91     -3.44
      10/80     10/40       1     1     2       21.19     22.50   -142.81  *
     10/160     10/80       1     1     1       30.84     33.91   -271.91  *
      10/60    10/160       1     1     1       30.84     33.91   -100.91  *
      10/50    10/160       1     1     1       30.84     33.91    -30.41
      10/55    10/160       1     1     1       30.84     33.91    -63.29
      10/58    10/160       1     1     1       30.84     33.91    -85.37  *
      10/57    10/160       1     1     1       30.84     33.91    -77.84
  PO1 =   30  PO2 =   58  Face =    1, Final PO-values from auto-convergence
 
  Edge 1:
  Max. value: ptd = 1400
 
 PO convergence
  Test-grid  Ref-grid    Freq  Beam  Grid       P_max   P_level  Accuracy
        ptd       ptd                           [dBi]     [dBi]      [dB]
         20        10       1     1     1      -16.37     33.91    -46.30
         20        10       1     1     2      -18.04     22.50    -44.01
         40        20       1     1     1      -16.37     33.91    -47.46
         40        20       1     1     2      -21.44     22.50    -63.03
         80        40       1     1     1      -16.37     33.91    -53.29
         80        40       1     1     2      -21.44     22.50   -237.44  *
        160        80       1     1     1      -16.37     33.91   -313.08  *
         60       160       1     1     1      -16.37     33.91   -172.21  *
         50       160       1     1     1      -16.37     33.91    -88.36  *
         45       160       1     1     1      -16.37     33.91    -58.24
         48       160       1     1     1      -16.37     33.91    -73.17
         49       160       1     1     1      -16.37     33.91    -80.52  *
  PTD =   49              Edge =    1, Final PTD-value from auto-convergence.
 
  Edge 2:
  Max. value: ptd = 700
 
 PO convergence
  Test-grid  Ref-grid    Freq  Beam  Grid       P_max   P_level  Accuracy
        ptd       ptd                           [dBi]     [dBi]      [dB]
         20        10       1     1     1      -36.91     33.91    -72.16
         20        10       1     1     2      -37.50     22.50   -112.09  *
         40        20       1     1     1      -36.91     33.91    -78.68
         80        40       1     1     1      -36.91     33.91   -322.13  *
         30        80       1     1     1      -36.91     33.91   -154.24  *
         25        80       1     1     1      -36.91     33.91    -99.23  *
         23        80       1     1     1      -36.91     33.91    -85.19  *
         24        80       1     1     1      -36.91     33.91    -91.49  *
  PTD =   24              Edge =    2, Final PTD-value from auto-convergence.
 
  Edge 3:
  Max. value: ptd = 1400
 
 PO convergence
  Test-grid  Ref-grid    Freq  Beam  Grid       P_max   P_level  Accuracy
        ptd       ptd                           [dBi]     [dBi]      [dB]
         20        10       1     1     1      -16.37     33.91    -46.30
         20        10       1     1     2      -18.04     22.50    -44.01
         40        20       1     1     1      -16.37     33.91    -47.46
         40        20       1     1     2      -21.44     22.50    -63.03
         80        40       1     1     1      -16.37     33.91    -53.29
         80        40       1     1     2      -21.44     22.50   -237.44  *
        160        80       1     1     1      -16.37     33.91   -313.11  *
         60       160       1     1     1      -16.37     33.91   -172.21  *
         50       160       1     1     1      -16.37     33.91    -88.36  *
         45       160       1     1     1      -16.37     33.91    -58.24
         48       160       1     1     1      -16.37     33.91    -73.17
         49       160       1     1     1      -16.37     33.91    -80.52  *
  PTD =   49              Edge =    3, Final PTD-value from auto-convergence.
 
  Edge 4:
  Max. value: ptd = 700
 
 PO convergence
  Test-grid  Ref-grid    Freq  Beam  Grid       P_max   P_level  Accuracy
        ptd       ptd                           [dBi]     [dBi]      [dB]
         20        10       1     1     1      -36.91     33.91    -72.16
         20        10       1     1     2      -37.50     22.50   -112.09  *
         40        20       1     1     1      -36.91     33.91    -78.68
         80        40       1     1     1      -36.91     33.91   -322.15  *
         30        80       1     1     1      -36.91     33.91   -154.24  *
         25        80       1     1     1      -36.91     33.91    -99.23  *
         23        80       1     1     1      -36.91     33.91    -85.19  *
         24        80       1     1     1      -36.91     33.91    -91.49  *
  PTD =   24              Edge =    4, Final PTD-value from auto-convergence.
 
  Relative power hitting scatterer:    0.868830
  Spill-over:     0.6107 dB
 
 ----- TASK No. 2 -----     Started at 23:09:07 on April 13, 2024
 single_cut get_field ( source : sequence(ref(single_po), ref(single_feed)))
 
 
  *** Object name:  single_cut
  *** Class name :  spherical_cut
  *** Message    :  Get_field message received
 
  Source : single_po
  Source : single_feed
 
  Name of currents file: tmp_0000
 
  Control values found in the file:
    No. of frequencies: 1
    No. of beams      : 1
    No. of faces      : 1
    No. of edges      : 4
    No. of gaps       : 0
 
  Frequency number  1 :  12.000 GHz
 
    Face No.      PO1       PO2     Partitions
          1        30        58         1
 
    Edge No.     PTD1
          1        49
          2        24
          3        49
          4        24
 
 
 
  *** Object name:  single_cut
  *** Class name :  spherical_cut
  *** Message    :  Field calculated
 
  Frequency No. :     1
  Beam No. :     1
 
 
  *** Object name:  single_cut
  *** Class name :  spherical_cut
  *** Message    :  Field calculated
 
  Frequency No. :     1
  Beam No. :     1
 
 ----- TASK No. 3 -----     Started at 23:09:07 on April 13, 2024
 spherical_grid get_field ( source : sequence(ref(single_po), ref(single_feed)))
 
 
  *** Object name:  spherical_grid
  *** Class name :  spherical_grid
  *** Message    :  Get_field message received
 
  Source : single_po
  Source : single_feed
 
 
  *** Object name:  spherical_grid
  *** Class name :  spherical_grid
  *** Message    :  Field calculated
 
  Frequency No. :     1
  Beam No. :     1
 
 
  *** Object name:  spherical_grid
  *** Class name :  spherical_grid
  *** Message    :  Field calculated
 
  Frequency No. :     1
  Beam No. :     1
 
 ----- END OF TASKS -----     Completed at 23:09:10 on April 13, 2024
 Total time was 3.41 sec
 Program stopped at 23:09:10 on 13 April 2024
 
