 
 
                                    G R A S P 9 - S E
                                    =================
 
  Student edition of General multi-reflector analysis program
 
 GRASP-SE version 10.3.0 (Windows ia32/x86 32-bit)
 
 
 GRASP-SE found  32 CPU cores
 (Student edition limited to 1 CPU core)
 
  Reading tor-file: Job_12.tor
 
 
  *** Object name:  single_global_coor
  *** Class name :  coor_sys
  *** Message    :  Object created
 
 
 
  *** Object name:  single_global_coor
  *** Class name :  coor_sys
  *** Message    :  New values in object
 
  Z_axis :     0.000000    0.000000    1.000000
 
 
  *** Object name:  single_frequencies
  *** Class name :  frequency
  *** Message    :  Object created
 
 
 
  *** Object name:  single_frequencies
  *** Class name :  frequency
  *** Message    :  New values in object
 
  Frequency No.    1  :   0.120000E+02 GHz
 
 
  *** Object name:  single_surface
  *** Class name :  paraboloid
  *** Message    :  Object created
 
 
 
  *** Object name:  single_surface
  *** Class name :  paraboloid
  *** Message    :  New values in object
 
 
  Focal length     :   0.100000E+00 m
   and in SI units :   0.100000E+00 meter
 
 
  *** Object name:  single_rim
  *** Class name :  rectangular_rim
  *** Message    :  Object created
 
 
 
  *** Object name:  single_rim
  *** Class name :  rectangular_rim
  *** Message    :  Definition of rectangular_rim
 
 
  The side lengths of the rectangle are defined by
    in x-direction :   0.500000 m
    in y-direction :   1.000000 m
  and in SI units
    in x-direction :   0.500000     meter
    in y-direction :   1.000000     meter
 
  The rim limits in radii are
    minimum :   0.250000     meter
    maximum :   0.559017     meter
 
  The rim limits in x direction are
    minimum :  -0.250000     meter
    maximum :   0.250000     meter
 
  The rim limits in y direction are
    minimum :  -0.500000     meter
    maximum :   0.500000     meter
 
 
  *** Object name:  single_reflector
  *** Class name :  reflector
  *** Message    :  Object created
 
 
 
  *** Object name:  single_reflector
  *** Class name :  reflector
  *** Message    :  New values in object
 
  Coordinate system: single_global_coor
  Surface: single_surface
  Rim: single_rim
 
 
  *** Object name:  single_feed_coor
  *** Class name :  coor_sys
  *** Message    :  Object created
 
 
 
  *** Object name:  single_feed_coor
  *** Class name :  coor_sys
  *** Message    :  New values in object
 
  Origin :   0.000000E+00 m     0.000000E+00 m     0.250000E+00 m
  Base name : single_global_coor
  Y_axis :     0.000000   -1.000000    0.000000
  Z_axis :     0.000000    0.000000   -1.000000
 
 
  *** Object name:  single_feed
  *** Class name :  gaussian_beam_pattern
  *** Message    :  Object created
 
 
 
  *** Object name:  single_feed
  *** Class name :  gaussian_beam_pattern
  *** Message    :  Object created
 
 
 
  *** Object name:  single_feed
  *** Class name :  gaussian_beam_pattern
  *** Message    :  New values in object
 
  Frequency : single_frequencies
  Coor_sys : single_feed_coor
 
 
  *** Object name:  single_feed
  *** Class name :  gaussian_beam_pattern
  *** Message    :  Definition of common feed attributes
 
 
 
  *** Object name:  single_feed
  *** Class name :  gaussian_beam_pattern
  *** Message    :  Definition of gaussian feed
 
 
  Taper angle :   90.0000 degrees
 
  Taper compared to on-axis level :  -12.0000 dB
 
  The imaginary displacement along the negative z-axis
    is  0.109563 wavelengths
 
 
  *** Object name:  single_cut_coor
  *** Class name :  coor_sys
  *** Message    :  Object created
 
 
 
  *** Object name:  single_cut_coor
  *** Class name :  coor_sys
  *** Message    :  New values in object
 
  Base name : single_global_coor
  Z_axis :     0.000000    0.000000    1.000000
 
 
  *** Object name:  single_cut
  *** Class name :  spherical_cut
  *** Message    :  Object created
 
 
 
  *** Object name:  single_cut
  *** Class name :  spherical_cut
  *** Message    :  New values in object
 
  File name :
  Coor_sys : single_cut_coor
  Theta range : start -45.00000    end  45.00000    points   301
  Phi range : start   0.00000    end  90.00000    points     3
 
 
  *** Object name:  single_po
  *** Class name :  po_single_face_scatterer
  *** Message    :  Object created
 
 
 
  *** Object name:  single_po
  *** Class name :  po_single_face_scatterer
  *** Message    :  New values in object
 
  Frequency : single_frequencies
  Scatterer : single_reflector
 
 
  *** Object name:  spherical_grid
  *** Class name :  spherical_grid
  *** Message    :  Object created
 
 
 
  *** Object name:  spherical_grid
  *** Class name :  spherical_grid
  *** Message    :  New values in object
 
  File name :
  Coor_sys : single_cut_coor
  X range : start  -0.20000    end   0.20000    points   201
  Y range : start  -0.20000    end   0.20000    points   201
 
 
  *** Object name:  view_1
  *** Class name :  view
  *** Message    :  Object created
 
 
 
  *** Object name:  view_1
  *** Class name :  view
  *** Message    :  New values in object
 
 
  Number of objects :      4
 
  Definition of objects   :
   No.  Name
     1  view_1_coor_sys_plot
     2  view_1_reflector_plot
     3  view_1_feed_plot
     4  view_1_output_points_plot
 
 
 
  *** Object name:  view_1_coor_sys_plot
  *** Class name :  coor_sys_plot
  *** Message    :  Object created
 
 
 
  *** Object name:  view_1_coor_sys_plot
  *** Class name :  coor_sys_plot
  *** Message    :  Definition of coor_sys_plot
 
 
 
  *** Object name:  view_1_reflector_plot
  *** Class name :  reflector_plot
  *** Message    :  Object created
 
 
 
  *** Object name:  view_1_reflector_plot
  *** Class name :  reflector_plot
  *** Message    :  Definition of reflector_plot
 
 
 
  *** Object name:  view_1_feed_plot
  *** Class name :  feed_plot
  *** Message    :  Object created
 
 
 
  *** Object name:  view_1_feed_plot
  *** Class name :  feed_plot
  *** Message    :  Definition of feed_plot
 
 
 
  *** Object name:  view_1_output_points_plot
  *** Class name :  output_points_plot
  *** Message    :  Object created
 
 
 
  *** Object name:  view_1_output_points_plot
  *** Class name :  output_points_plot
  *** Message    :  Definition of output_points_plot
 
 Program started at 23:10:14 on 13 April 2024
 
 
 ----- TASK No. 1 -----     Started at 23:10:14 on April 13, 2024
 single_po get_currents ( source : sequence(ref(single_feed)))
 
 
  *** Object name:  single_po
  *** Class name :  po_single_face_scatterer
  *** Message    :  Get_currents message received
 
  Source : single_feed
 
 
  *** Object name:  single_po
  *** Class name :  po_single_face_scatterer
  *** Message    :  Initialization
 
 
  Auto-convergence with desired accuracy of -80.00 dB.
 
  Face 1:
  Max. values: po1/po2 = 700/1400
 
 PO convergence
  Test-grid  Ref-grid    Freq  Beam  Grid       P_max   P_level  Accuracy
    po1/po2   po1/po2                           [dBi]     [dBi]      [dB]
      20/10     10/10       1     1     1       28.53     28.53      1.63
      20/10     10/10       1     1     2       27.23     27.23      2.85
      40/10     20/10       1     1     1       28.65     28.65     -6.25
      40/10     20/10       1     1     2       25.48     25.48     -4.66
      80/10     40/10       1     1     1       25.21     25.21    -58.99
      80/10     40/10       1     1     2       23.07     23.07   -128.14  *
     160/10     80/10       1     1     1       25.21     25.21   -263.65  *
      60/10    160/10       1     1     1       25.21     25.21   -241.71  *
      50/10    160/10       1     1     1       25.21     25.21   -140.50  *
      45/10    160/10       1     1     1       25.21     25.21    -96.75  *
      43/10    160/10       1     1     1       25.21     25.21    -80.84  *
      42/10    160/10       1     1     1       25.21     25.21    -73.27
 
 PO convergence
  Test-grid  Ref-grid    Freq  Beam  Grid       P_max   P_level  Accuracy
    po1/po2   po1/po2                           [dBi]     [dBi]      [dB]
      10/20     10/10       1     1     1       28.53     28.53      5.25
      10/20     10/10       1     1     2       27.23     27.23      3.87
      10/40     10/20       1     1     1       29.95     29.95      3.42
      10/40     10/20       1     1     2       29.95     29.95      3.42
      10/80     10/40       1     1     1       28.43     28.43     -1.55
      10/80     10/40       1     1     2       28.43     28.43     -1.55
     10/160     10/80       1     1     1       21.74     25.21    -26.11
     10/160     10/80       1     1     2       16.50     23.07    -80.15  *
     10/320    10/160       1     1     1       21.76     25.21   -264.23  *
     10/120    10/320       1     1     1       21.76     25.21   -196.25  *
     10/100    10/320       1     1     1       21.76     25.21    -97.98  *
      10/90    10/320       1     1     1       21.76     25.21    -57.69
      10/95    10/320       1     1     1       21.76     25.21    -76.93
      10/98    10/320       1     1     1       21.76     25.21    -89.36  *
  PO1 =   43  PO2 =   98  Face =    1, Final PO-values from auto-convergence
 
  Edge 1:
  Max. value: ptd = 1400
 
 PO convergence
  Test-grid  Ref-grid    Freq  Beam  Grid       P_max   P_level  Accuracy
        ptd       ptd                           [dBi]     [dBi]      [dB]
         20        10       1     1     1      -16.88     25.21    -38.94
         20        10       1     1     2      -19.32     23.07    -41.06
         40        20       1     1     1      -21.55     25.21    -43.42
         40        20       1     1     2      -25.82     23.07    -49.36
         80        40       1     1     1      -24.62     25.21    -50.06
         80        40       1     1     2      -31.90     23.07    -77.68
        160        80       1     1     1      -24.63     25.21   -178.57  *
        160        80       1     1     2      -31.80     23.07   -305.30  *
         60       160       1     1     1      -24.63     25.21    -80.01  *
         60       160       1     1     2      -31.80     23.07   -178.50  *
         50       160       1     1     1      -24.63     25.21    -52.28
         50       160       1     1     2      -31.80     23.07   -123.18  *
         55       160       1     1     1      -24.63     25.21    -63.32
         58       160       1     1     1      -24.63     25.21    -72.79
         59       160       1     1     1      -24.63     25.21    -76.31
  PTD =   60              Edge =    1, Final PTD-value from auto-convergence.
 
  Edge 2:
  Max. value: ptd = 700
 
 PO convergence
  Test-grid  Ref-grid    Freq  Beam  Grid       P_max   P_level  Accuracy
        ptd       ptd                           [dBi]     [dBi]      [dB]
         20        10       1     1     1      -53.23     25.21    -78.53
         20        10       1     1     2      -54.09     23.07   -117.48  *
         40        20       1     1     1      -53.23     25.21    -83.79  *
         80        40       1     1     1      -53.23     25.21   -295.22  *
         30        80       1     1     1      -53.23     25.21   -140.34  *
         25        80       1     1     1      -53.23     25.21    -95.22  *
         28        80       1     1     1      -53.23     25.21   -119.24  *
         27        80       1     1     1      -53.23     25.21   -110.12  *
         26        80       1     1     1      -53.23     25.21   -102.08  *
  PTD =   26              Edge =    2, Final PTD-value from auto-convergence.
 
  Edge 3:
  Max. value: ptd = 1400
 
 PO convergence
  Test-grid  Ref-grid    Freq  Beam  Grid       P_max   P_level  Accuracy
        ptd       ptd                           [dBi]     [dBi]      [dB]
         20        10       1     1     1      -16.88     25.21    -38.94
         20        10       1     1     2      -19.32     23.07    -41.06
         40        20       1     1     1      -21.55     25.21    -43.42
         40        20       1     1     2      -25.82     23.07    -49.36
         80        40       1     1     1      -24.62     25.21    -50.06
         80        40       1     1     2      -31.90     23.07    -77.68
        160        80       1     1     1      -24.63     25.21   -178.57  *
        160        80       1     1     2      -31.80     23.07   -305.24  *
         60       160       1     1     1      -24.63     25.21    -80.01  *
         60       160       1     1     2      -31.80     23.07   -178.50  *
         50       160       1     1     1      -24.63     25.21    -52.28
         50       160       1     1     2      -31.80     23.07   -123.18  *
         55       160       1     1     1      -24.63     25.21    -63.32
         58       160       1     1     1      -24.63     25.21    -72.79
         59       160       1     1     1      -24.63     25.21    -76.31
  PTD =   60              Edge =    3, Final PTD-value from auto-convergence.
 
  Edge 4:
  Max. value: ptd = 700
 
 PO convergence
  Test-grid  Ref-grid    Freq  Beam  Grid       P_max   P_level  Accuracy
        ptd       ptd                           [dBi]     [dBi]      [dB]
         20        10       1     1     1      -53.23     25.21    -78.53
         20        10       1     1     2      -54.09     23.07   -117.48  *
         40        20       1     1     1      -53.23     25.21    -83.79  *
         80        40       1     1     1      -53.23     25.21   -295.22  *
         30        80       1     1     1      -53.23     25.21   -140.34  *
         25        80       1     1     1      -53.23     25.21    -95.22  *
         28        80       1     1     1      -53.23     25.21   -119.24  *
         27        80       1     1     1      -53.23     25.21   -110.12  *
         26        80       1     1     1      -53.23     25.21   -102.08  *
  PTD =   26              Edge =    4, Final PTD-value from auto-convergence.
 
  Relative power hitting scatterer:    0.951044
  Spill-over:     0.2180 dB
 
 ----- TASK No. 2 -----     Started at 23:10:14 on April 13, 2024
 single_cut get_field ( source : sequence(ref(single_po), ref(single_feed)))
 
 
  *** Object name:  single_cut
  *** Class name :  spherical_cut
  *** Message    :  Get_field message received
 
  Source : single_po
  Source : single_feed
 
  Name of currents file: tmp_0000
 
  Control values found in the file:
    No. of frequencies: 1
    No. of beams      : 1
    No. of faces      : 1
    No. of edges      : 4
    No. of gaps       : 0
 
  Frequency number  1 :  12.000 GHz
 
    Face No.      PO1       PO2     Partitions
          1        43        98         1
 
    Edge No.     PTD1
          1        60
          2        26
          3        60
          4        26
 
 
 
  *** Object name:  single_cut
  *** Class name :  spherical_cut
  *** Message    :  Field calculated
 
  Frequency No. :     1
  Beam No. :     1
 
 
  *** Object name:  single_cut
  *** Class name :  spherical_cut
  *** Message    :  Field calculated
 
  Frequency No. :     1
  Beam No. :     1
 
 ----- TASK No. 3 -----     Started at 23:10:14 on April 13, 2024
 spherical_grid get_field ( source : sequence(ref(single_po), ref(single_feed)))
 
 
  *** Object name:  spherical_grid
  *** Class name :  spherical_grid
  *** Message    :  Get_field message received
 
  Source : single_po
  Source : single_feed
 
 
  *** Object name:  spherical_grid
  *** Class name :  spherical_grid
  *** Message    :  Field calculated
 
  Frequency No. :     1
  Beam No. :     1
 
 
  *** Object name:  spherical_grid
  *** Class name :  spherical_grid
  *** Message    :  Field calculated
 
  Frequency No. :     1
  Beam No. :     1
 
 ----- END OF TASKS -----     Completed at 23:10:19 on April 13, 2024
 Total time was 5.22 sec
 Program stopped at 23:10:19 on 13 April 2024
 
