 
 
                                    G R A S P 9 - S E
                                    =================
 
  Student edition of General multi-reflector analysis program
 
 GRASP-SE version 10.3.0 (Windows ia32/x86 32-bit)
 
 
 GRASP-SE found  32 CPU cores
 (Student edition limited to 1 CPU core)
 
  Reading tor-file: Job_09.tor
 
 
  *** Object name:  single_global_coor
  *** Class name :  coor_sys
  *** Message    :  Object created
 
 
 
  *** Object name:  single_global_coor
  *** Class name :  coor_sys
  *** Message    :  New values in object
 
  Z_axis :     0.000000    0.000000    1.000000
 
 
  *** Object name:  single_frequencies
  *** Class name :  frequency
  *** Message    :  Object created
 
 
 
  *** Object name:  single_frequencies
  *** Class name :  frequency
  *** Message    :  New values in object
 
  Frequency No.    1  :   0.120000E+02 GHz
 
 
  *** Object name:  single_surface
  *** Class name :  paraboloid
  *** Message    :  Object created
 
 
 
  *** Object name:  single_surface
  *** Class name :  paraboloid
  *** Message    :  New values in object
 
 
  Focal length     :   0.500000 m
   and in SI units :   0.500000 meter
 
 
  *** Object name:  single_rim
  *** Class name :  rectangular_rim
  *** Message    :  Object created
 
 
 
  *** Object name:  single_rim
  *** Class name :  rectangular_rim
  *** Message    :  Definition of rectangular_rim
 
 
  The side lengths of the rectangle are defined by
    in x-direction :   1.000000 m
    in y-direction :   1.000000 m
  and in SI units
    in x-direction :   1.000000     meter
    in y-direction :   1.000000     meter
 
  The rim limits in radii are
    minimum :   0.500000     meter
    maximum :   0.707107     meter
 
  The rim limits in x direction are
    minimum :  -0.500000     meter
    maximum :   0.500000     meter
 
  The rim limits in y direction are
    minimum :  -0.500000     meter
    maximum :   0.500000     meter
 
 
  *** Object name:  single_reflector
  *** Class name :  reflector
  *** Message    :  Object created
 
 
 
  *** Object name:  single_reflector
  *** Class name :  reflector
  *** Message    :  New values in object
 
  Coordinate system: single_global_coor
  Surface: single_surface
  Rim: single_rim
 
 
  *** Object name:  single_feed_coor
  *** Class name :  coor_sys
  *** Message    :  Object created
 
 
 
  *** Object name:  single_feed_coor
  *** Class name :  coor_sys
  *** Message    :  New values in object
 
  Origin :   0.000000E+00 m     0.000000E+00 m     0.250000E+00 m
  Base name : single_global_coor
  Y_axis :     0.000000   -1.000000    0.000000
  Z_axis :     0.000000    0.000000   -1.000000
 
 
  *** Object name:  single_feed
  *** Class name :  gaussian_beam_pattern
  *** Message    :  Object created
 
 
 
  *** Object name:  single_feed
  *** Class name :  gaussian_beam_pattern
  *** Message    :  Object created
 
 
 
  *** Object name:  single_feed
  *** Class name :  gaussian_beam_pattern
  *** Message    :  New values in object
 
  Frequency : single_frequencies
  Coor_sys : single_feed_coor
 
 
  *** Object name:  single_feed
  *** Class name :  gaussian_beam_pattern
  *** Message    :  Definition of common feed attributes
 
 
 
  *** Object name:  single_feed
  *** Class name :  gaussian_beam_pattern
  *** Message    :  Definition of gaussian feed
 
 
  Taper angle :   90.0000 degrees
 
  Taper compared to on-axis level :  -12.0000 dB
 
  The imaginary displacement along the negative z-axis
    is  0.109563 wavelengths
 
 
  *** Object name:  single_cut_coor
  *** Class name :  coor_sys
  *** Message    :  Object created
 
 
 
  *** Object name:  single_cut_coor
  *** Class name :  coor_sys
  *** Message    :  New values in object
 
  Base name : single_global_coor
  Z_axis :     0.000000    0.000000    1.000000
 
 
  *** Object name:  single_cut
  *** Class name :  spherical_cut
  *** Message    :  Object created
 
 
 
  *** Object name:  single_cut
  *** Class name :  spherical_cut
  *** Message    :  New values in object
 
  File name :
  Coor_sys : single_cut_coor
  Theta range : start -45.00000    end  45.00000    points   301
  Phi range : start   0.00000    end  90.00000    points     3
 
 
  *** Object name:  single_po
  *** Class name :  po_single_face_scatterer
  *** Message    :  Object created
 
 
 
  *** Object name:  single_po
  *** Class name :  po_single_face_scatterer
  *** Message    :  New values in object
 
  Frequency : single_frequencies
  Scatterer : single_reflector
 
 
  *** Object name:  spherical_grid
  *** Class name :  spherical_grid
  *** Message    :  Object created
 
 
 
  *** Object name:  spherical_grid
  *** Class name :  spherical_grid
  *** Message    :  New values in object
 
  File name :
  Coor_sys : single_cut_coor
  X range : start  -0.20000    end   0.20000    points   201
  Y range : start  -0.20000    end   0.20000    points   201
 
 
  *** Object name:  view_1
  *** Class name :  view
  *** Message    :  Object created
 
 
 
  *** Object name:  view_1
  *** Class name :  view
  *** Message    :  New values in object
 
 
  Number of objects :      4
 
  Definition of objects   :
   No.  Name
     1  view_1_coor_sys_plot
     2  view_1_reflector_plot
     3  view_1_feed_plot
     4  view_1_output_points_plot
 
 
 
  *** Object name:  view_1_coor_sys_plot
  *** Class name :  coor_sys_plot
  *** Message    :  Object created
 
 
 
  *** Object name:  view_1_coor_sys_plot
  *** Class name :  coor_sys_plot
  *** Message    :  Definition of coor_sys_plot
 
 
 
  *** Object name:  view_1_reflector_plot
  *** Class name :  reflector_plot
  *** Message    :  Object created
 
 
 
  *** Object name:  view_1_reflector_plot
  *** Class name :  reflector_plot
  *** Message    :  Definition of reflector_plot
 
 
 
  *** Object name:  view_1_feed_plot
  *** Class name :  feed_plot
  *** Message    :  Object created
 
 
 
  *** Object name:  view_1_feed_plot
  *** Class name :  feed_plot
  *** Message    :  Definition of feed_plot
 
 
 
  *** Object name:  view_1_output_points_plot
  *** Class name :  output_points_plot
  *** Message    :  Object created
 
 
 
  *** Object name:  view_1_output_points_plot
  *** Class name :  output_points_plot
  *** Message    :  Definition of output_points_plot
 
 Program started at 23:06:12 on 13 April 2024
 
 
 ----- TASK No. 1 -----     Started at 23:06:12 on April 13, 2024
 single_po get_currents ( source : sequence(ref(single_feed)))
 
 
  *** Object name:  single_po
  *** Class name :  po_single_face_scatterer
  *** Message    :  Get_currents message received
 
  Source : single_feed
 
 
  *** Object name:  single_po
  *** Class name :  po_single_face_scatterer
  *** Message    :  Initialization
 
 
  Auto-convergence with desired accuracy of -80.00 dB.
 
  Face 1:
  Max. values: po1/po2 = 1400/1400
 
 PO convergence
  Test-grid  Ref-grid    Freq  Beam  Grid       P_max   P_level  Accuracy
    po1/po2   po1/po2                           [dBi]     [dBi]      [dB]
      20/10     10/10       1     1     1       31.79     31.79      2.88
      20/10     10/10       1     1     2       30.97     30.97      4.43
      40/10     20/10       1     1     1       30.66     30.66      1.81
      40/10     20/10       1     1     2       30.81     30.81     -3.62
      80/10     40/10       1     1     1       24.85     24.85      0.76
      80/10     40/10       1     1     2       21.81     21.81    -59.38
     160/10     80/10       1     1     1       23.98     23.98   -109.34  *
     160/10     80/10       1     1     2       21.81     21.81   -261.89  *
      60/10    160/10       1     1     1       23.98     23.98     -3.92
      60/10    160/10       1     1     2       21.81     21.81   -235.88  *
      70/10    160/10       1     1     1       23.98     23.98    -42.83
      75/10    160/10       1     1     1       23.98     23.98    -73.54
      78/10    160/10       1     1     1       23.98     23.98    -94.48  *
      77/10    160/10       1     1     1       23.98     23.98    -87.31  *
      77/10    160/10       1     1     2       21.81     21.81   -261.51  *
 
 PO convergence
  Test-grid  Ref-grid    Freq  Beam  Grid       P_max   P_level  Accuracy
    po1/po2   po1/po2                           [dBi]     [dBi]      [dB]
      10/20     10/10       1     1     1       31.79     31.79      2.29
      10/20     10/10       1     1     2       30.97     30.97      3.81
      10/40     10/20       1     1     1       30.29     30.29      1.81
      10/40     10/20       1     1     2       30.46     30.46     -4.22
      10/80     10/40       1     1     1       24.27     24.27      0.55
      10/80     10/40       1     1     2       22.57     22.57    -61.48
     10/160     10/80       1     1     1       24.36     24.36   -109.39  *
     10/160     10/80       1     1     2       22.57     22.57   -264.83  *
      10/60    10/160       1     1     1       24.36     24.36     -3.92
      10/60    10/160       1     1     2       22.57     22.57   -238.01  *
      10/70    10/160       1     1     1       24.36     24.36    -42.80
      10/75    10/160       1     1     1       24.36     24.36    -73.54
      10/78    10/160       1     1     1       24.36     24.36    -94.50  *
      10/77    10/160       1     1     1       24.36     24.36    -87.33  *
      10/77    10/160       1     1     2       22.57     22.57   -264.49  *
  PO1 =   77  PO2 =   77  Face =    1, Final PO-values from auto-convergence
 
  Edge 1:
  Max. value: ptd = 1400
 
 PO convergence
  Test-grid  Ref-grid    Freq  Beam  Grid       P_max   P_level  Accuracy
        ptd       ptd                           [dBi]     [dBi]      [dB]
         20        10       1     1     1      -22.96     24.36    -45.87
         20        10       1     1     2      -27.87     22.57    -50.01
         40        20       1     1     1      -25.94     24.36    -49.01
         40        20       1     1     2      -30.91     22.57    -57.30
         80        40       1     1     1      -29.47     24.36    -55.68
         80        40       1     1     2      -30.75     22.57   -243.57  *
        160        80       1     1     1      -29.47     24.36   -306.06  *
         60       160       1     1     1      -29.47     24.36   -106.61  *
         50       160       1     1     1      -29.47     24.36    -58.53
         55       160       1     1     1      -29.47     24.36    -75.98
         58       160       1     1     1      -29.47     24.36    -93.13  *
         57       160       1     1     1      -29.47     24.36    -86.97  *
  PTD =   57              Edge =    1, Final PTD-value from auto-convergence.
 
  Edge 2:
  Max. value: ptd = 1400
 
 PO convergence
  Test-grid  Ref-grid    Freq  Beam  Grid       P_max   P_level  Accuracy
        ptd       ptd                           [dBi]     [dBi]      [dB]
         20        10       1     1     1      -25.98     24.36    -50.89
         20        10       1     1     2      -34.31     22.57    -54.62
         40        20       1     1     1      -30.24     24.36    -53.75
         40        20       1     1     2      -32.63     22.57    -62.52
         80        40       1     1     1      -35.56     24.36    -60.70
         80        40       1     1     2      -36.56     22.57   -249.99  *
        160        80       1     1     1      -35.56     24.36   -311.70  *
         60       160       1     1     1      -35.56     24.36   -112.95  *
         50       160       1     1     1      -35.56     24.36    -62.73
         55       160       1     1     1      -35.56     24.36    -81.42  *
         53       160       1     1     1      -35.56     24.36    -71.99
         54       160       1     1     1      -35.56     24.36    -76.43
  PTD =   55              Edge =    2, Final PTD-value from auto-convergence.
 
  Edge 3:
  Max. value: ptd = 1400
 
 PO convergence
  Test-grid  Ref-grid    Freq  Beam  Grid       P_max   P_level  Accuracy
        ptd       ptd                           [dBi]     [dBi]      [dB]
         20        10       1     1     1      -22.96     24.36    -45.87
         20        10       1     1     2      -27.87     22.57    -50.01
         40        20       1     1     1      -25.94     24.36    -49.01
         40        20       1     1     2      -30.91     22.57    -57.30
         80        40       1     1     1      -29.47     24.36    -55.68
         80        40       1     1     2      -30.75     22.57   -243.57  *
        160        80       1     1     1      -29.47     24.36   -305.97  *
         60       160       1     1     1      -29.47     24.36   -106.61  *
         50       160       1     1     1      -29.47     24.36    -58.53
         55       160       1     1     1      -29.47     24.36    -75.98
         58       160       1     1     1      -29.47     24.36    -93.13  *
         57       160       1     1     1      -29.47     24.36    -86.97  *
  PTD =   57              Edge =    3, Final PTD-value from auto-convergence.
 
  Edge 4:
  Max. value: ptd = 1400
 
 PO convergence
  Test-grid  Ref-grid    Freq  Beam  Grid       P_max   P_level  Accuracy
        ptd       ptd                           [dBi]     [dBi]      [dB]
         20        10       1     1     1      -25.98     24.36    -50.89
         20        10       1     1     2      -34.31     22.57    -54.62
         40        20       1     1     1      -30.24     24.36    -53.75
         40        20       1     1     2      -32.63     22.57    -62.52
         80        40       1     1     1      -35.56     24.36    -60.70
         80        40       1     1     2      -36.56     22.57   -249.99  *
        160        80       1     1     1      -35.56     24.36   -311.68  *
         60       160       1     1     1      -35.56     24.36   -112.95  *
         50       160       1     1     1      -35.56     24.36    -62.73
         55       160       1     1     1      -35.56     24.36    -81.42  *
         53       160       1     1     1      -35.56     24.36    -71.99
         54       160       1     1     1      -35.56     24.36    -76.43
  PTD =   55              Edge =    4, Final PTD-value from auto-convergence.
 
  Relative power hitting scatterer:    0.920324
  Spill-over:     0.3606 dB
 
 ----- TASK No. 2 -----     Started at 23:06:13 on April 13, 2024
 single_cut get_field ( source : sequence(ref(single_po), ref(single_feed)))
 
 
  *** Object name:  single_cut
  *** Class name :  spherical_cut
  *** Message    :  Get_field message received
 
  Source : single_po
  Source : single_feed
 
  Name of currents file: tmp_0000
 
  Control values found in the file:
    No. of frequencies: 1
    No. of beams      : 1
    No. of faces      : 1
    No. of edges      : 4
    No. of gaps       : 0
 
  Frequency number  1 :  12.000 GHz
 
    Face No.      PO1       PO2     Partitions
          1        77        77         1
 
    Edge No.     PTD1
          1        57
          2        55
          3        57
          4        55
 
 
 
  *** Object name:  single_cut
  *** Class name :  spherical_cut
  *** Message    :  Field calculated
 
  Frequency No. :     1
  Beam No. :     1
 
 
  *** Object name:  single_cut
  *** Class name :  spherical_cut
  *** Message    :  Field calculated
 
  Frequency No. :     1
  Beam No. :     1
 
 ----- TASK No. 3 -----     Started at 23:06:13 on April 13, 2024
 spherical_grid get_field ( source : sequence(ref(single_po), ref(single_feed)))
 
 
  *** Object name:  spherical_grid
  *** Class name :  spherical_grid
  *** Message    :  Get_field message received
 
  Source : single_po
  Source : single_feed
 
 
  *** Object name:  spherical_grid
  *** Class name :  spherical_grid
  *** Message    :  Field calculated
 
  Frequency No. :     1
  Beam No. :     1
 
 
  *** Object name:  spherical_grid
  *** Class name :  spherical_grid
  *** Message    :  Field calculated
 
  Frequency No. :     1
  Beam No. :     1
 
 ----- END OF TASKS -----     Completed at 23:06:19 on April 13, 2024
 Total time was 6.73 sec
 Program stopped at 23:06:19 on 13 April 2024
 
