 
 
                                    G R A S P 9 - S E
                                    =================
 
  Student edition of General multi-reflector analysis program
 
 GRASP-SE version 10.3.0 (Windows ia32/x86 32-bit)
 
 
 GRASP-SE found  32 CPU cores
 (Student edition limited to 1 CPU core)
 
  Reading tor-file: Job_32.tor
 
 
  *** Object name:  single_global_coor
  *** Class name :  coor_sys
  *** Message    :  Object created
 
 
 
  *** Object name:  single_global_coor
  *** Class name :  coor_sys
  *** Message    :  New values in object
 
  Z_axis :     0.000000    0.000000    1.000000
 
 
  *** Object name:  single_frequencies
  *** Class name :  frequency
  *** Message    :  Object created
 
 
 
  *** Object name:  single_frequencies
  *** Class name :  frequency
  *** Message    :  New values in object
 
  Frequency No.    1  :   0.200000E+02 GHz
 
 
  *** Object name:  single_surface
  *** Class name :  paraboloid
  *** Message    :  Object created
 
 
 
  *** Object name:  single_surface
  *** Class name :  paraboloid
  *** Message    :  New values in object
 
 
  Focal length     :   0.240000 m
   and in SI units :   0.240000 meter
 
 
  *** Object name:  single_rim
  *** Class name :  elliptical_rim
  *** Message    :  Object created
 
 
 
  *** Object name:  single_rim
  *** Class name :  elliptical_rim
  *** Message    :  Definition of elliptical_rim
 
 
  The half axes of the ellipse are defined by
    in x-direction :   0.300000 m
    in y-direction :   0.300000 m
  and in SI units
    in x-direction :   0.300000     meter
    in y-direction :   0.300000     meter
 
  The rim limits in radii are
    minimum :   0.300000     meter
    maximum :   0.300000     meter
 
  The rim limits in x direction are
    minimum :  -0.300000     meter
    maximum :   0.300000     meter
 
  The rim limits in y direction are
    minimum :  -0.300000     meter
    maximum :   0.300000     meter
 
 
  *** Object name:  single_reflector
  *** Class name :  reflector
  *** Message    :  Object created
 
 
 
  *** Object name:  single_reflector
  *** Class name :  reflector
  *** Message    :  New values in object
 
  Coordinate system: single_global_coor
  Surface: single_surface
  Rim: single_rim
 
 
  *** Object name:  single_feed_coor
  *** Class name :  coor_sys
  *** Message    :  Object created
 
 
 
  *** Object name:  single_feed_coor
  *** Class name :  coor_sys
  *** Message    :  New values in object
 
  Base name : single_global_coor
  Y_axis :     0.000000   -1.000000    0.000000
  Z_axis :     0.000000    0.000000   -1.000000
 
 
  *** Object name:  single_feed
  *** Class name :  gaussian_beam_pattern
  *** Message    :  Object created
 
 
 
  *** Object name:  single_feed
  *** Class name :  gaussian_beam_pattern
  *** Message    :  Object created
 
 
 
  *** Object name:  single_feed
  *** Class name :  gaussian_beam_pattern
  *** Message    :  New values in object
 
  Frequency : single_frequencies
  Coor_sys : single_feed_coor
 
 
  *** Object name:  single_feed
  *** Class name :  gaussian_beam_pattern
  *** Message    :  Definition of common feed attributes
 
 
 
  *** Object name:  single_feed
  *** Class name :  gaussian_beam_pattern
  *** Message    :  Definition of gaussian feed
 
 
  Taper angle :   64.0108 degrees
 
  Taper compared to on-axis level :  -12.0000 dB
 
  The principal polarisation is : linear_y
 
  The imaginary displacement along the negative z-axis
    is  0.297970 wavelengths
 
 
  *** Object name:  single_cut_coor
  *** Class name :  coor_sys
  *** Message    :  Object created
 
 
 
  *** Object name:  single_cut_coor
  *** Class name :  coor_sys
  *** Message    :  New values in object
 
  Base name : single_global_coor
  Z_axis :     0.000000    0.000000    1.000000
 
 
  *** Object name:  single_cut
  *** Class name :  spherical_cut
  *** Message    :  Object created
 
 
 
  *** Object name:  single_cut
  *** Class name :  spherical_cut
  *** Message    :  New values in object
 
  File name :
  Coor_sys : single_cut_coor
  Theta range : start -20.00000    end  20.00000    points   501
  Phi range : start   0.00000    end  90.00000    points     3
 
 
  *** Object name:  single_po
  *** Class name :  po_single_face_scatterer
  *** Message    :  Object created
 
 
 
  *** Object name:  single_po
  *** Class name :  po_single_face_scatterer
  *** Message    :  New values in object
 
  Frequency : single_frequencies
  Scatterer : single_reflector
 
 
  *** Object name:  spherical_grid
  *** Class name :  spherical_grid
  *** Message    :  Object created
 
 
 
  *** Object name:  spherical_grid
  *** Class name :  spherical_grid
  *** Message    :  New values in object
 
  File name :
  Coor_sys : single_cut_coor
  X range : start  -0.20000    end   0.20000    points   201
  Y range : start  -0.20000    end   0.20000    points   201
 
 
  *** Object name:  yLateralTran
  *** Class name :  real_variable
  *** Message    :  Object created
 
 
 
  *** Object name:  yLateralTran
  *** Class name :  real_variable
  *** Message    :  New values in object
 
 
 
  *** Object name:  single_feed_coor
  *** Class name :  coor_sys
  *** Message    :  New values in object
 
  Origin :   0.000000E+00 m     0.250000E-01 m     0.240000E+00 m
  Z_axis :     0.000000    0.000000   -1.000000
 
 
  *** Object name:  view_1
  *** Class name :  view
  *** Message    :  Object created
 
 
 
  *** Object name:  view_1
  *** Class name :  view
  *** Message    :  New values in object
 
 
  Number of objects :      4
 
  Definition of objects   :
   No.  Name
     1  view_1_coor_sys_plot
     2  view_1_reflector_plot
     3  view_1_feed_plot
     4  view_1_output_points_plot
 
 
 
  *** Object name:  view_1_coor_sys_plot
  *** Class name :  coor_sys_plot
  *** Message    :  Object created
 
 
 
  *** Object name:  view_1_coor_sys_plot
  *** Class name :  coor_sys_plot
  *** Message    :  Definition of coor_sys_plot
 
 
 
  *** Object name:  view_1_reflector_plot
  *** Class name :  reflector_plot
  *** Message    :  Object created
 
 
 
  *** Object name:  view_1_reflector_plot
  *** Class name :  reflector_plot
  *** Message    :  Definition of reflector_plot
 
 
 
  *** Object name:  view_1_feed_plot
  *** Class name :  feed_plot
  *** Message    :  Object created
 
 
 
  *** Object name:  view_1_feed_plot
  *** Class name :  feed_plot
  *** Message    :  Definition of feed_plot
 
 
 
  *** Object name:  view_1_output_points_plot
  *** Class name :  output_points_plot
  *** Message    :  Object created
 
 
 
  *** Object name:  view_1_output_points_plot
  *** Class name :  output_points_plot
  *** Message    :  Definition of output_points_plot
 
 Program started at 21:49:50 on 13 April 2024
 
 
 ----- TASK No. 1 -----     Started at 21:49:50 on April 13, 2024
 single_po get_currents ( source : sequence(ref(single_feed)))
 
 
  *** Object name:  single_po
  *** Class name :  po_single_face_scatterer
  *** Message    :  Get_currents message received
 
  Source : single_feed
 
 
  *** Object name:  single_po
  *** Class name :  po_single_face_scatterer
  *** Message    :  Initialization
 
 
  Auto-convergence with desired accuracy of -80.00 dB.
 
  Face 1:
  Max. values: po1/po2 = 1330/3200
 
 PO convergence
  Test-grid  Ref-grid    Freq  Beam  Grid       P_max   P_level  Accuracy
    po1/po2   po1/po2                           [dBi]     [dBi]      [dB]
      20/10     10/10       1     1     1       40.07     40.07    -10.99
      20/10     10/10       1     1     2       38.07     38.07    -13.54
      40/10     20/10       1     1     1       40.07     40.07    -97.35  *
      40/10     20/10       1     1     2       38.07     38.07   -149.78  *
      15/10     40/10       1     1     1       40.07     40.07    -36.67
      15/10     40/10       1     1     2       38.07     38.07    -62.69
      18/10     40/10       1     1     1       40.07     40.07    -67.92
      18/10     40/10       1     1     2       38.07     38.07   -129.05  *
      19/10     40/10       1     1     1       40.07     40.07    -81.78  *
 
 PO convergence
  Test-grid  Ref-grid    Freq  Beam  Grid       P_max   P_level  Accuracy
    po1/po2   po1/po2                           [dBi]     [dBi]      [dB]
      10/20     10/10       1     1     1       40.07     40.07     -9.36
      10/20     10/10       1     1     2       38.07     38.07    -12.81
      10/40     10/20       1     1     1       40.07     40.07    -17.77
      10/40     10/20       1     1     2       38.07     38.07    -16.82
      10/80     10/40       1     1     1       40.07     40.07    -21.06
      10/80     10/40       1     1     2       38.07     38.07    -27.23
     10/160     10/80       1     1     1       40.07     40.07   -210.17  *
     10/160     10/80       1     1     2       38.07     38.07   -293.53  *
      10/60    10/160       1     1     1       40.07     40.07    -64.74
      10/60    10/160       1     1     2       38.07     38.07   -138.79  *
      10/70    10/160       1     1     1       40.07     40.07   -129.84  *
      10/65    10/160       1     1     1       40.07     40.07    -99.22  *
      10/65    10/160       1     1     2       38.07     38.07   -173.94  *
      10/63    10/160       1     1     1       40.07     40.07    -88.85  *
      10/63    10/160       1     1     2       38.07     38.07   -160.09  *
      10/62    10/160       1     1     1       40.07     40.07    -76.03
      10/62    10/160       1     1     2       38.07     38.07   -149.66  *
  PO1 =   19  PO2 =   63  Face =    1, Final PO-values from auto-convergence
 
  Edge 1:
  Max. value: ptd = 3200
 
 PO convergence
  Test-grid  Ref-grid    Freq  Beam  Grid       P_max   P_level  Accuracy
        ptd       ptd                           [dBi]     [dBi]      [dB]
         20        10       1     1     1      -18.63     40.07    -60.56
         20        10       1     1     2      -18.28     38.07    -61.06
         40        20       1     1     1      -20.65     40.07    -62.70
         40        20       1     1     2      -20.33     38.07    -61.72
         80        40       1     1     1      -22.05     40.07    -64.89
         80        40       1     1     2      -20.33     38.07    -63.20
        160        80       1     1     1      -22.48     40.07   -223.81  *
        160        80       1     1     2      -20.33     38.07   -325.67  *
         60       160       1     1     1      -22.48     40.07    -91.08  *
         60       160       1     1     2      -20.33     38.07   -148.16  *
         50       160       1     1     1      -22.48     40.07    -65.53
         50       160       1     1     2      -20.33     38.07    -88.02  *
         55       160       1     1     1      -22.48     40.07    -75.05
         58       160       1     1     1      -22.48     40.07    -82.80  *
         57       160       1     1     1      -22.48     40.07    -81.41  *
         57       160       1     1     2      -20.33     38.07   -127.52  *
  PTD =   58              Edge =    1, Final PTD-value from auto-convergence.
 
  Relative power hitting scatterer:    0.941914
  Spill-over:     0.2599 dB
 
 ----- TASK No. 2 -----     Started at 21:49:50 on April 13, 2024
 single_cut get_field ( source : sequence(ref(single_po), ref(single_feed)))
 
 
  *** Object name:  single_cut
  *** Class name :  spherical_cut
  *** Message    :  Get_field message received
 
  Source : single_po
  Source : single_feed
 
  Name of currents file: tmp_0000
 
  Control values found in the file:
    No. of frequencies: 1
    No. of beams      : 1
    No. of faces      : 1
    No. of edges      : 1
    No. of gaps       : 0
 
  Frequency number  1 :  20.000 GHz
 
    Face No.      PO1       PO2     Partitions
          1        19        63         1
 
    Edge No.     PTD1
          1        58
 
 
 
  *** Object name:  single_cut
  *** Class name :  spherical_cut
  *** Message    :  Field calculated
 
  Frequency No. :     1
  Beam No. :     1
 
 
  *** Object name:  single_cut
  *** Class name :  spherical_cut
  *** Message    :  Field calculated
 
  Frequency No. :     1
  Beam No. :     1
 
 ----- TASK No. 3 -----     Started at 21:49:51 on April 13, 2024
 spherical_grid get_field ( source : sequence(ref(single_po), ref(single_feed)))
 
 
  *** Object name:  spherical_grid
  *** Class name :  spherical_grid
  *** Message    :  Get_field message received
 
  Source : single_po
  Source : single_feed
 
 
  *** Object name:  spherical_grid
  *** Class name :  spherical_grid
  *** Message    :  Field calculated
 
  Frequency No. :     1
  Beam No. :     1
 
 
  *** Object name:  spherical_grid
  *** Class name :  spherical_grid
  *** Message    :  Field calculated
 
  Frequency No. :     1
  Beam No. :     1
 
 ----- END OF TASKS -----     Completed at 21:49:52 on April 13, 2024
 Total time was 2.16 sec
 Program stopped at 21:49:52 on 13 April 2024
 
